2011/12/19 07:06:41 [error] [exception.CException] exception 'CException' with message 'CActiveForm and its behaviors do not have a method or closure named "getAttributeLabel".' in F:\wamp\www\yii\framework\base\CComponent.php:269
Stack trace:
#0 [internal function]: CComponent->__call('getAttributeLab...', Array)
#1 F:\wamp\www\yii\framework\web\helpers\CHtml.php(1154): CActiveForm->getAttributeLabel('image')
#2 F:\wamp\www\invite\protected\views\invitation\_form.php(30): CHtml::activeLabel(Object(CActiveForm), 'image')
#3 F:\wamp\www\yii\framework\web\CBaseController.php(119): require('F:\wamp\www\inv...')
#4 F:\wamp\www\yii\framework\web\CBaseController.php(88): CBaseController->renderInternal('F:\wamp\www\inv...', Array, true)
#5 F:\wamp\www\yii\framework\web\CController.php(866): CBaseController->renderFile('F:\wamp\www\inv...', Array, true)
#6 F:\wamp\www\invite\protected\views\invitation\create.php(15): CController->renderPartial('_form', Array)
#7 F:\wamp\www\yii\framework\web\CBaseController.php(119): require('F:\wamp\www\inv...')
#8 F:\wamp\www\yii\framework\web\CBaseController.php(88): CBaseController->renderInternal('F:\wamp\www\inv...', Array, true)
#9 F:\wamp\www\yii\framework\web\CController.php(866): CBaseController->renderFile('F:\wamp\www\inv...', Array, true)
#10 F:\wamp\www\yii\framework\web\CController.php(779): CController->renderPartial('create', Array, true)
#11 F:\wamp\www\invite\protected\controllers\InvitationController.php(82): CController->render('create', Array)
#12 F:\wamp\www\yii\framework\web\actions\CInlineAction.php(50): InvitationController->actionCreate()
#13 F:\wamp\www\yii\framework\web\CController.php(300): CInlineAction->runWithParams(Array)
#14 F:\wamp\www\yii\framework\web\filters\CFilterChain.php(134): CController->runAction(Object(CInlineAction))
#15 F:\wamp\www\yii\framework\web\filters\CFilter.php(41): CFilterChain->run()
#16 F:\wamp\www\yii\framework\web\CController.php(1144): CFilter->filter(Object(CFilterChain))
#17 F:\wamp\www\yii\framework\web\filters\CInlineFilter.php(59): CController->filterAccessControl(Object(CFilterChain))
#18 F:\wamp\www\yii\framework\web\filters\CFilterChain.php(131): CInlineFilter->filter(Object(CFilterChain))
#19 F:\wamp\www\yii\framework\web\CController.php(283): CFilterChain->run()
#20 F:\wamp\www\yii\framework\web\CController.php(257): CController->runActionWithFilters(Object(CInlineAction), Array)
#21 F:\wamp\www\yii\framework\web\CWebApplication.php(277): CController->run('create')
#22 F:\wamp\www\yii\framework\web\CWebApplication.php(136): CWebApplication->runController('invitation/crea...')
#23 F:\wamp\www\yii\framework\base\CApplication.php(158): CWebApplication->processRequest()
#24 F:\wamp\www\invite\index.php(13): CApplication->run()
#25 {main} REQUEST_URI=/invite/index.php?r=invitation/create
2011/12/19 07:12:37 [error] [exception.CException] exception 'CException' with message 'Property "Invitation.image" is not defined.' in F:\wamp\www\yii\framework\base\CComponent.php:174
Stack trace:
#0 F:\wamp\www\yii\framework\db\ar\CActiveRecord.php(145): CComponent->__set('image', NULL)
#1 F:\wamp\www\invite\protected\controllers\InvitationController.php(72): CActiveRecord->__set('image', NULL)
#2 F:\wamp\www\yii\framework\web\actions\CInlineAction.php(50): InvitationController->actionCreate()
#3 F:\wamp\www\yii\framework\web\CController.php(300): CInlineAction->runWithParams(Array)
#4 F:\wamp\www\yii\framework\web\filters\CFilterChain.php(134): CController->runAction(Object(CInlineAction))
#5 F:\wamp\www\yii\framework\web\filters\CFilter.php(41): CFilterChain->run()
#6 F:\wamp\www\yii\framework\web\CController.php(1144): CFilter->filter(Object(CFilterChain))
#7 F:\wamp\www\yii\framework\web\filters\CInlineFilter.php(59): CController->filterAccessControl(Object(CFilterChain))
#8 F:\wamp\www\yii\framework\web\filters\CFilterChain.php(131): CInlineFilter->filter(Object(CFilterChain))
#9 F:\wamp\www\yii\framework\web\CController.php(283): CFilterChain->run()
#10 F:\wamp\www\yii\framework\web\CController.php(257): CController->runActionWithFilters(Object(CInlineAction), Array)
#11 F:\wamp\www\yii\framework\web\CWebApplication.php(277): CController->run('create')
#12 F:\wamp\www\yii\framework\web\CWebApplication.php(136): CWebApplication->runController('invitation/crea...')
#13 F:\wamp\www\yii\framework\base\CApplication.php(158): CWebApplication->processRequest()
#14 F:\wamp\www\invite\index.php(13): CApplication->run()
#15 {main} REQUEST_URI=/invite/index.php?r=invitation/create
2011/12/19 07:48:48 [error] [exception.CException] exception 'CException' with message 'UploadController cannot find the requested view "index".' in F:\wamp\www\yii\framework\web\CController.php:875
Stack trace:
#0 F:\wamp\www\yii\framework\web\CController.php(779): CController->renderPartial('index', Array, true)
#1 F:\wamp\www\invite\protected\controllers\UploadController.php(122): CController->render('index', Array)
#2 F:\wamp\www\yii\framework\web\actions\CInlineAction.php(50): UploadController->actionIndex()
#3 F:\wamp\www\yii\framework\web\CController.php(300): CInlineAction->runWithParams(Array)
#4 F:\wamp\www\yii\framework\web\CController.php(278): CController->runAction(Object(CInlineAction))
#5 F:\wamp\www\yii\framework\web\CController.php(257): CController->runActionWithFilters(Object(CInlineAction), Array)
#6 F:\wamp\www\yii\framework\web\CWebApplication.php(277): CController->run('')
#7 F:\wamp\www\yii\framework\web\CWebApplication.php(136): CWebApplication->runController('upload')
#8 F:\wamp\www\yii\framework\base\CApplication.php(158): CWebApplication->processRequest()
#9 F:\wamp\www\invite\index.php(13): CApplication->run()
#10 {main} REQUEST_URI=/invite/index.php?r=upload
2011/12/19 07:53:48 [error] [system.db.CDbCommand] CDbCommand::fetchAll() failed: SQLSTATE[42S02]: Base table or view not found: 1146 Table 'invite.upload' doesn't exist. The SQL statement executed was: SHOW COLUMNS FROM `Upload`.
in F:\wamp\www\invite\protected\controllers\UploadController.php (119)
in F:\wamp\www\invite\index.php (13)
2011/12/19 07:53:48 [error] [exception.CDbException] exception 'CDbException' with message 'The table "Upload" for active record class "Upload" cannot be found in the database.' in F:\wamp\www\yii\framework\db\ar\CActiveRecord.php:2276
Stack trace:
#0 F:\wamp\www\yii\framework\db\ar\CActiveRecord.php(372): CActiveRecordMetaData->__construct(Object(Upload))
#1 F:\wamp\www\yii\framework\web\CActiveDataProvider.php(72): CActiveRecord::model('Upload')
#2 F:\wamp\www\invite\protected\controllers\UploadController.php(119): CActiveDataProvider->__construct('Upload')
#3 F:\wamp\www\yii\framework\web\actions\CInlineAction.php(50): UploadController->actionIndex()
#4 F:\wamp\www\yii\framework\web\CController.php(300): CInlineAction->runWithParams(Array)
#5 F:\wamp\www\yii\framework\web\CController.php(278): CController->runAction(Object(CInlineAction))
#6 F:\wamp\www\yii\framework\web\CController.php(257): CController->runActionWithFilters(Object(CInlineAction), Array)
#7 F:\wamp\www\yii\framework\web\CWebApplication.php(277): CController->run('')
#8 F:\wamp\www\yii\framework\web\CWebApplication.php(136): CWebApplication->runController('upload')
#9 F:\wamp\www\yii\framework\base\CApplication.php(158): CWebApplication->processRequest()
#10 F:\wamp\www\invite\index.php(13): CApplication->run()
#11 {main} REQUEST_URI=/invite/index.php?r=upload
2011/12/19 07:53:52 [error] [system.db.CDbCommand] CDbCommand::fetchAll() failed: SQLSTATE[42S02]: Base table or view not found: 1146 Table 'invite.upload' doesn't exist. The SQL statement executed was: SHOW COLUMNS FROM `Upload`.
in F:\wamp\www\invite\protected\controllers\UploadController.php (119)
in F:\wamp\www\invite\index.php (13)
2011/12/19 07:53:52 [error] [exception.CDbException] exception 'CDbException' with message 'The table "Upload" for active record class "Upload" cannot be found in the database.' in F:\wamp\www\yii\framework\db\ar\CActiveRecord.php:2276
Stack trace:
#0 F:\wamp\www\yii\framework\db\ar\CActiveRecord.php(372): CActiveRecordMetaData->__construct(Object(Upload))
#1 F:\wamp\www\yii\framework\web\CActiveDataProvider.php(72): CActiveRecord::model('Upload')
#2 F:\wamp\www\invite\protected\controllers\UploadController.php(119): CActiveDataProvider->__construct('Upload')
#3 F:\wamp\www\yii\framework\web\actions\CInlineAction.php(50): UploadController->actionIndex()
#4 F:\wamp\www\yii\framework\web\CController.php(300): CInlineAction->runWithParams(Array)
#5 F:\wamp\www\yii\framework\web\CController.php(278): CController->runAction(Object(CInlineAction))
#6 F:\wamp\www\yii\framework\web\CController.php(257): CController->runActionWithFilters(Object(CInlineAction), Array)
#7 F:\wamp\www\yii\framework\web\CWebApplication.php(277): CController->run('')
#8 F:\wamp\www\yii\framework\web\CWebApplication.php(136): CWebApplication->runController('upload')
#9 F:\wamp\www\yii\framework\base\CApplication.php(158): CWebApplication->processRequest()
#10 F:\wamp\www\invite\index.php(13): CApplication->run()
#11 {main} REQUEST_URI=/invite/index.php?r=upload
2011/12/19 08:19:14 [error] [exception.CHttpException.403] exception 'CHttpException' with message 'You are not authorized to perform this action.' in F:\wamp\www\yii\framework\web\auth\CAccessControlFilter.php:158
Stack trace:
#0 F:\wamp\www\yii\framework\web\auth\CAccessControlFilter.php(120): CAccessControlFilter->accessDenied(Object(CWebUser), 'You are not aut...')
#1 F:\wamp\www\yii\framework\web\filters\CFilter.php(39): CAccessControlFilter->preFilter(Object(CFilterChain))
#2 F:\wamp\www\yii\framework\web\CController.php(1144): CFilter->filter(Object(CFilterChain))
#3 F:\wamp\www\yii\framework\web\filters\CInlineFilter.php(59): CController->filterAccessControl(Object(CFilterChain))
#4 F:\wamp\www\yii\framework\web\filters\CFilterChain.php(131): CInlineFilter->filter(Object(CFilterChain))
#5 F:\wamp\www\yii\framework\web\CController.php(283): CFilterChain->run()
#6 F:\wamp\www\yii\framework\web\CController.php(257): CController->runActionWithFilters(Object(CInlineAction), Array)
#7 F:\wamp\www\yii\framework\web\CWebApplication.php(277): CController->run('upload')
#8 F:\wamp\www\yii\framework\web\CWebApplication.php(136): CWebApplication->runController('invitation/uplo...')
#9 F:\wamp\www\yii\framework\base\CApplication.php(158): CWebApplication->processRequest()
#10 F:\wamp\www\invite\index.php(13): CApplication->run()
#11 {main} REQUEST_URI=/invite/index.php?r=invitation/upload
2011/12/19 09:26:01 [error] [php] get_class() expects parameter 1 to be object, string given (F:\wamp\www\yii\framework\web\helpers\CHtml.php:2028)
Stack trace:
#0 F:\wamp\www\yii\framework\web\helpers\CHtml.php(1269): resolveNameID()
#1 F:\wamp\www\invite\protected\views\invitation\_form1.php(14): activeFileField()
#2 F:\wamp\www\yii\framework\web\CBaseController.php(119): require()
#3 F:\wamp\www\yii\framework\web\CBaseController.php(88): InvitationController->renderInternal()
#4 F:\wamp\www\yii\framework\web\CController.php(866): InvitationController->renderFile()
#5 F:\wamp\www\invite\protected\views\invitation\upload.php(15): InvitationController->renderPartial()
#6 F:\wamp\www\yii\framework\web\CBaseController.php(119): require()
#7 F:\wamp\www\yii\framework\web\CBaseController.php(88): InvitationController->renderInternal()
#8 F:\wamp\www\yii\framework\web\CController.php(866): InvitationController->renderFile()
#9 F:\wamp\www\yii\framework\web\CController.php(779): InvitationController->renderPartial()
#10 F:\wamp\www\invite\protected\controllers\InvitationController.php(61): InvitationController->render()
#11 F:\wamp\www\yii\framework\web\actions\CInlineAction.php(50): InvitationController->actionUpload()
#12 F:\wamp\www\yii\framework\web\CController.php(300): CInlineAction->runWithParams()
#13 F:\wamp\www\yii\framework\web\filters\CFilterChain.php(134): InvitationController->runAction()
#14 F:\wamp\www\yii\framework\web\filters\CFilter.php(41): CFilterChain->run()
#15 F:\wamp\www\yii\framework\web\CController.php(1144): CAccessControlFilter->filter()
#16 F:\wamp\www\yii\framework\web\filters\CInlineFilter.php(59): InvitationController->filterAccessControl()
#17 F:\wamp\www\yii\framework\web\filters\CFilterChain.php(131): CInlineFilter->filter()
#18 F:\wamp\www\yii\framework\web\CController.php(283): CFilterChain->run()
#19 F:\wamp\www\yii\framework\web\CController.php(257): InvitationController->runActionWithFilters()
#20 F:\wamp\www\yii\framework\web\CWebApplication.php(277): InvitationController->run()
#21 F:\wamp\www\yii\framework\web\CWebApplication.php(136): CWebApplication->runController()
#22 F:\wamp\www\yii\framework\base\CApplication.php(158): CWebApplication->processRequest()
#23 F:\wamp\www\invite\index.php(13): CWebApplication->run()
REQUEST_URI=/invite/index.php?r=invitation/upload
in F:\wamp\www\invite\protected\views\invitation\_form1.php (14)
in F:\wamp\www\invite\protected\views\invitation\upload.php (15)
in F:\wamp\www\invite\protected\controllers\InvitationController.php (61)
2011/12/19 09:27:36 [error] [php] get_class() expects parameter 1 to be object, string given (F:\wamp\www\yii\framework\web\helpers\CHtml.php:2028)
Stack trace:
#0 F:\wamp\www\yii\framework\web\helpers\CHtml.php(1269): resolveNameID()
#1 F:\wamp\www\invite\protected\views\invitation\_form1.php(14): activeFileField()
#2 F:\wamp\www\yii\framework\web\CBaseController.php(119): require()
#3 F:\wamp\www\yii\framework\web\CBaseController.php(88): InvitationController->renderInternal()
#4 F:\wamp\www\yii\framework\web\CController.php(866): InvitationController->renderFile()
#5 F:\wamp\www\invite\protected\views\invitation\upload.php(15): InvitationController->renderPartial()
#6 F:\wamp\www\yii\framework\web\CBaseController.php(119): require()
#7 F:\wamp\www\yii\framework\web\CBaseController.php(88): InvitationController->renderInternal()
#8 F:\wamp\www\yii\framework\web\CController.php(866): InvitationController->renderFile()
#9 F:\wamp\www\yii\framework\web\CController.php(779): InvitationController->renderPartial()
#10 F:\wamp\www\invite\protected\controllers\InvitationController.php(61): InvitationController->render()
#11 F:\wamp\www\yii\framework\web\actions\CInlineAction.php(50): InvitationController->actionUpload()
#12 F:\wamp\www\yii\framework\web\CController.php(300): CInlineAction->runWithParams()
#13 F:\wamp\www\yii\framework\web\filters\CFilterChain.php(134): InvitationController->runAction()
#14 F:\wamp\www\yii\framework\web\filters\CFilter.php(41): CFilterChain->run()
#15 F:\wamp\www\yii\framework\web\CController.php(1144): CAccessControlFilter->filter()
#16 F:\wamp\www\yii\framework\web\filters\CInlineFilter.php(59): InvitationController->filterAccessControl()
#17 F:\wamp\www\yii\framework\web\filters\CFilterChain.php(131): CInlineFilter->filter()
#18 F:\wamp\www\yii\framework\web\CController.php(283): CFilterChain->run()
#19 F:\wamp\www\yii\framework\web\CController.php(257): InvitationController->runActionWithFilters()
#20 F:\wamp\www\yii\framework\web\CWebApplication.php(277): InvitationController->run()
#21 F:\wamp\www\yii\framework\web\CWebApplication.php(136): CWebApplication->runController()
#22 F:\wamp\www\yii\framework\base\CApplication.php(158): CWebApplication->processRequest()
#23 F:\wamp\www\invite\index.php(13): CWebApplication->run()
REQUEST_URI=/invite/index.php?r=invitation/upload
in F:\wamp\www\invite\protected\views\invitation\_form1.php (14)
in F:\wamp\www\invite\protected\views\invitation\upload.php (15)
in F:\wamp\www\invite\protected\controllers\InvitationController.php (61)
2011/12/19 09:30:05 [error] [php] Undefined variable: model (F:\wamp\www\invite\protected\controllers\InvitationController.php:50)
Stack trace:
#0 F:\wamp\www\yii\framework\web\filters\CFilterChain.php(134): InvitationController->runAction()
#1 F:\wamp\www\yii\framework\web\filters\CFilter.php(41): CFilterChain->run()
#2 F:\wamp\www\yii\framework\web\CController.php(1144): CAccessControlFilter->filter()
#3 F:\wamp\www\yii\framework\web\filters\CInlineFilter.php(59): InvitationController->filterAccessControl()
#4 F:\wamp\www\yii\framework\web\filters\CFilterChain.php(131): CInlineFilter->filter()
#5 F:\wamp\www\yii\framework\web\CController.php(283): CFilterChain->run()
#6 F:\wamp\www\yii\framework\web\CController.php(257): InvitationController->runActionWithFilters()
#7 F:\wamp\www\yii\framework\web\CWebApplication.php(277): InvitationController->run()
#8 F:\wamp\www\yii\framework\web\CWebApplication.php(136): CWebApplication->runController()
#9 F:\wamp\www\yii\framework\base\CApplication.php(158): CWebApplication->processRequest()
#10 F:\wamp\www\invite\index.php(13): CWebApplication->run()
REQUEST_URI=/invite/index.php?r=invitation/upload
in F:\wamp\www\invite\protected\controllers\InvitationController.php (50)
in F:\wamp\www\invite\index.php (13)
2011/12/19 09:31:53 [error] [php] Undefined variable: model (F:\wamp\www\invite\protected\controllers\InvitationController.php:50)
Stack trace:
#0 F:\wamp\www\yii\framework\web\filters\CFilterChain.php(134): InvitationController->runAction()
#1 F:\wamp\www\yii\framework\web\filters\CFilter.php(41): CFilterChain->run()
#2 F:\wamp\www\yii\framework\web\CController.php(1144): CAccessControlFilter->filter()
#3 F:\wamp\www\yii\framework\web\filters\CInlineFilter.php(59): InvitationController->filterAccessControl()
#4 F:\wamp\www\yii\framework\web\filters\CFilterChain.php(131): CInlineFilter->filter()
#5 F:\wamp\www\yii\framework\web\CController.php(283): CFilterChain->run()
#6 F:\wamp\www\yii\framework\web\CController.php(257): InvitationController->runActionWithFilters()
#7 F:\wamp\www\yii\framework\web\CWebApplication.php(277): InvitationController->run()
#8 F:\wamp\www\yii\framework\web\CWebApplication.php(136): CWebApplication->runController()
#9 F:\wamp\www\yii\framework\base\CApplication.php(158): CWebApplication->processRequest()
#10 F:\wamp\www\invite\index.php(13): CWebApplication->run()
REQUEST_URI=/invite/index.php?r=invitation/upload
in F:\wamp\www\invite\protected\controllers\InvitationController.php (50)
in F:\wamp\www\invite\index.php (13)
2011/12/19 09:32:51 [error] [php] Undefined variable: model (F:\wamp\www\invite\protected\controllers\InvitationController.php:50)
Stack trace:
#0 F:\wamp\www\yii\framework\web\filters\CFilterChain.php(134): InvitationController->runAction()
#1 F:\wamp\www\yii\framework\web\filters\CFilter.php(41): CFilterChain->run()
#2 F:\wamp\www\yii\framework\web\CController.php(1144): CAccessControlFilter->filter()
#3 F:\wamp\www\yii\framework\web\filters\CInlineFilter.php(59): InvitationController->filterAccessControl()
#4 F:\wamp\www\yii\framework\web\filters\CFilterChain.php(131): CInlineFilter->filter()
#5 F:\wamp\www\yii\framework\web\CController.php(283): CFilterChain->run()
#6 F:\wamp\www\yii\framework\web\CController.php(257): InvitationController->runActionWithFilters()
#7 F:\wamp\www\yii\framework\web\CWebApplication.php(277): InvitationController->run()
#8 F:\wamp\www\yii\framework\web\CWebApplication.php(136): CWebApplication->runController()
#9 F:\wamp\www\yii\framework\base\CApplication.php(158): CWebApplication->processRequest()
#10 F:\wamp\www\invite\index.php(13): CWebApplication->run()
REQUEST_URI=/invite/index.php?r=invitation/upload
in F:\wamp\www\invite\protected\controllers\InvitationController.php (50)
in F:\wamp\www\invite\index.php (13)
2011/12/19 09:57:03 [error] [php] Undefined variable: model (F:\wamp\www\invite\protected\views\invitation\upload.php:15)
Stack trace:
#0 F:\wamp\www\yii\framework\web\CController.php(866): InvitationController->renderFile()
#1 F:\wamp\www\yii\framework\web\CController.php(779): InvitationController->renderPartial()
#2 F:\wamp\www\invite\protected\controllers\InvitationController.php(54): InvitationController->render()
#3 F:\wamp\www\yii\framework\web\actions\CInlineAction.php(50): InvitationController->actionUpload()
#4 F:\wamp\www\yii\framework\web\CController.php(300): CInlineAction->runWithParams()
#5 F:\wamp\www\yii\framework\web\filters\CFilterChain.php(134): InvitationController->runAction()
#6 F:\wamp\www\yii\framework\web\filters\CFilter.php(41): CFilterChain->run()
#7 F:\wamp\www\yii\framework\web\CController.php(1144): CAccessControlFilter->filter()
#8 F:\wamp\www\yii\framework\web\filters\CInlineFilter.php(59): InvitationController->filterAccessControl()
#9 F:\wamp\www\yii\framework\web\filters\CFilterChain.php(131): CInlineFilter->filter()
#10 F:\wamp\www\yii\framework\web\CController.php(283): CFilterChain->run()
#11 F:\wamp\www\yii\framework\web\CController.php(257): InvitationController->runActionWithFilters()
#12 F:\wamp\www\yii\framework\web\CWebApplication.php(277): InvitationController->run()
#13 F:\wamp\www\yii\framework\web\CWebApplication.php(136): CWebApplication->runController()
#14 F:\wamp\www\yii\framework\base\CApplication.php(158): CWebApplication->processRequest()
#15 F:\wamp\www\invite\index.php(13): CWebApplication->run()
REQUEST_URI=/invite/index.php?r=invitation/upload
in F:\wamp\www\invite\protected\views\invitation\upload.php (15)
in F:\wamp\www\invite\protected\controllers\InvitationController.php (54)
in F:\wamp\www\invite\index.php (13)
2011/12/19 09:58:22 [error] [php] Undefined variable: model (F:\wamp\www\invite\protected\views\invitation\_form1.php:10)
Stack trace:
#0 F:\wamp\www\yii\framework\web\CController.php(866): InvitationController->renderFile()
#1 F:\wamp\www\invite\protected\views\invitation\upload.php(15): InvitationController->renderPartial()
#2 F:\wamp\www\yii\framework\web\CBaseController.php(119): require()
#3 F:\wamp\www\yii\framework\web\CBaseController.php(88): InvitationController->renderInternal()
#4 F:\wamp\www\yii\framework\web\CController.php(866): InvitationController->renderFile()
#5 F:\wamp\www\yii\framework\web\CController.php(779): InvitationController->renderPartial()
#6 F:\wamp\www\invite\protected\controllers\InvitationController.php(54): InvitationController->render()
#7 F:\wamp\www\yii\framework\web\actions\CInlineAction.php(50): InvitationController->actionUpload()
#8 F:\wamp\www\yii\framework\web\CController.php(300): CInlineAction->runWithParams()
#9 F:\wamp\www\yii\framework\web\filters\CFilterChain.php(134): InvitationController->runAction()
#10 F:\wamp\www\yii\framework\web\filters\CFilter.php(41): CFilterChain->run()
#11 F:\wamp\www\yii\framework\web\CController.php(1144): CAccessControlFilter->filter()
#12 F:\wamp\www\yii\framework\web\filters\CInlineFilter.php(59): InvitationController->filterAccessControl()
#13 F:\wamp\www\yii\framework\web\filters\CFilterChain.php(131): CInlineFilter->filter()
#14 F:\wamp\www\yii\framework\web\CController.php(283): CFilterChain->run()
#15 F:\wamp\www\yii\framework\web\CController.php(257): InvitationController->runActionWithFilters()
#16 F:\wamp\www\yii\framework\web\CWebApplication.php(277): InvitationController->run()
#17 F:\wamp\www\yii\framework\web\CWebApplication.php(136): CWebApplication->runController()
#18 F:\wamp\www\yii\framework\base\CApplication.php(158): CWebApplication->processRequest()
#19 F:\wamp\www\invite\index.php(13): CWebApplication->run()
REQUEST_URI=/invite/index.php?r=invitation/upload
in F:\wamp\www\invite\protected\views\invitation\_form1.php (10)
in F:\wamp\www\invite\protected\views\invitation\upload.php (15)
in F:\wamp\www\invite\protected\controllers\InvitationController.php (54)
2011/12/19 10:03:01 [error] [php] get_class() expects parameter 1 to be object, string given (F:\wamp\www\yii\framework\web\helpers\CHtml.php:2028)
Stack trace:
#0 F:\wamp\www\yii\framework\web\helpers\CHtml.php(1269): resolveNameID()
#1 F:\wamp\www\invite\protected\views\invitation\_form1.php(14): activeFileField()
#2 F:\wamp\www\yii\framework\web\CBaseController.php(119): require()
#3 F:\wamp\www\yii\framework\web\CBaseController.php(88): InvitationController->renderInternal()
#4 F:\wamp\www\yii\framework\web\CController.php(866): InvitationController->renderFile()
#5 F:\wamp\www\invite\protected\views\invitation\upload.php(15): InvitationController->renderPartial()
#6 F:\wamp\www\yii\framework\web\CBaseController.php(119): require()
#7 F:\wamp\www\yii\framework\web\CBaseController.php(88): InvitationController->renderInternal()
#8 F:\wamp\www\yii\framework\web\CController.php(866): InvitationController->renderFile()
#9 F:\wamp\www\yii\framework\web\CController.php(779): InvitationController->renderPartial()
#10 F:\wamp\www\invite\protected\controllers\InvitationController.php(55): InvitationController->render()
#11 F:\wamp\www\yii\framework\web\actions\CInlineAction.php(50): InvitationController->actionUpload()
#12 F:\wamp\www\yii\framework\web\CController.php(300): CInlineAction->runWithParams()
#13 F:\wamp\www\yii\framework\web\filters\CFilterChain.php(134): InvitationController->runAction()
#14 F:\wamp\www\yii\framework\web\filters\CFilter.php(41): CFilterChain->run()
#15 F:\wamp\www\yii\framework\web\CController.php(1144): CAccessControlFilter->filter()
#16 F:\wamp\www\yii\framework\web\filters\CInlineFilter.php(59): InvitationController->filterAccessControl()
#17 F:\wamp\www\yii\framework\web\filters\CFilterChain.php(131): CInlineFilter->filter()
#18 F:\wamp\www\yii\framework\web\CController.php(283): CFilterChain->run()
#19 F:\wamp\www\yii\framework\web\CController.php(257): InvitationController->runActionWithFilters()
#20 F:\wamp\www\yii\framework\web\CWebApplication.php(277): InvitationController->run()
#21 F:\wamp\www\yii\framework\web\CWebApplication.php(136): CWebApplication->runController()
#22 F:\wamp\www\yii\framework\base\CApplication.php(158): CWebApplication->processRequest()
#23 F:\wamp\www\invite\index.php(13): CWebApplication->run()
REQUEST_URI=/invite/index.php?r=invitation/upload
in F:\wamp\www\invite\protected\views\invitation\_form1.php (14)
in F:\wamp\www\invite\protected\views\invitation\upload.php (15)
in F:\wamp\www\invite\protected\controllers\InvitationController.php (55)
2011/12/19 10:17:43 [error] [php] Undefined variable: model (F:\wamp\www\invite\protected\controllers\InvitationController.php:55)
Stack trace:
#0 F:\wamp\www\yii\framework\web\filters\CFilterChain.php(134): InvitationController->runAction()
#1 F:\wamp\www\yii\framework\web\filters\CFilter.php(41): CFilterChain->run()
#2 F:\wamp\www\yii\framework\web\CController.php(1144): CAccessControlFilter->filter()
#3 F:\wamp\www\yii\framework\web\filters\CInlineFilter.php(59): InvitationController->filterAccessControl()
#4 F:\wamp\www\yii\framework\web\filters\CFilterChain.php(131): CInlineFilter->filter()
#5 F:\wamp\www\yii\framework\web\CController.php(283): CFilterChain->run()
#6 F:\wamp\www\yii\framework\web\CController.php(257): InvitationController->runActionWithFilters()
#7 F:\wamp\www\yii\framework\web\CWebApplication.php(277): InvitationController->run()
#8 F:\wamp\www\yii\framework\web\CWebApplication.php(136): CWebApplication->runController()
#9 F:\wamp\www\yii\framework\base\CApplication.php(158): CWebApplication->processRequest()
#10 F:\wamp\www\invite\index.php(13): CWebApplication->run()
REQUEST_URI=/invite/index.php?r=invitation/upload
in F:\wamp\www\invite\protected\controllers\InvitationController.php (55)
in F:\wamp\www\invite\index.php (13)
2011/12/19 10:18:19 [error] [php] Missing argument 2 for CHtml::label(), called in F:\wamp\www\invite\protected\views\invitation\_form1.php on line 13 and defined (F:\wamp\www\yii\framework\web\helpers\CHtml.php:521)
Stack trace:
#0 F:\wamp\www\yii\framework\web\CBaseController.php(88): InvitationController->renderInternal()
#1 F:\wamp\www\yii\framework\web\CController.php(866): InvitationController->renderFile()
#2 F:\wamp\www\invite\protected\views\invitation\upload.php(15): InvitationController->renderPartial()
#3 F:\wamp\www\yii\framework\web\CBaseController.php(119): require()
#4 F:\wamp\www\yii\framework\web\CBaseController.php(88): InvitationController->renderInternal()
#5 F:\wamp\www\yii\framework\web\CController.php(866): InvitationController->renderFile()
#6 F:\wamp\www\yii\framework\web\CController.php(779): InvitationController->renderPartial()
#7 F:\wamp\www\invite\protected\controllers\InvitationController.php(55): InvitationController->render()
#8 F:\wamp\www\yii\framework\web\actions\CInlineAction.php(50): InvitationController->actionUpload()
#9 F:\wamp\www\yii\framework\web\CController.php(300): CInlineAction->runWithParams()
#10 F:\wamp\www\yii\framework\web\filters\CFilterChain.php(134): InvitationController->runAction()
#11 F:\wamp\www\yii\framework\web\filters\CFilter.php(41): CFilterChain->run()
#12 F:\wamp\www\yii\framework\web\CController.php(1144): CAccessControlFilter->filter()
#13 F:\wamp\www\yii\framework\web\filters\CInlineFilter.php(59): InvitationController->filterAccessControl()
#14 F:\wamp\www\yii\framework\web\filters\CFilterChain.php(131): CInlineFilter->filter()
#15 F:\wamp\www\yii\framework\web\CController.php(283): CFilterChain->run()
#16 F:\wamp\www\yii\framework\web\CController.php(257): InvitationController->runActionWithFilters()
#17 F:\wamp\www\yii\framework\web\CWebApplication.php(277): InvitationController->run()
#18 F:\wamp\www\yii\framework\web\CWebApplication.php(136): CWebApplication->runController()
#19 F:\wamp\www\yii\framework\base\CApplication.php(158): CWebApplication->processRequest()
#20 F:\wamp\www\invite\index.php(13): CWebApplication->run()
REQUEST_URI=/invite/index.php?r=invitation/upload
in F:\wamp\www\invite\protected\views\invitation\_form1.php (13)
in F:\wamp\www\invite\protected\views\invitation\upload.php (15)
in F:\wamp\www\invite\protected\controllers\InvitationController.php (55)
2011/12/19 10:25:34 [error] [php] Undefined variable: model (F:\wamp\www\invite\protected\controllers\InvitationController.php:58)
Stack trace:
#0 F:\wamp\www\yii\framework\web\filters\CFilterChain.php(134): InvitationController->runAction()
#1 F:\wamp\www\yii\framework\web\filters\CFilter.php(41): CFilterChain->run()
#2 F:\wamp\www\yii\framework\web\CController.php(1144): CAccessControlFilter->filter()
#3 F:\wamp\www\yii\framework\web\filters\CInlineFilter.php(59): InvitationController->filterAccessControl()
#4 F:\wamp\www\yii\framework\web\filters\CFilterChain.php(131): CInlineFilter->filter()
#5 F:\wamp\www\yii\framework\web\CController.php(283): CFilterChain->run()
#6 F:\wamp\www\yii\framework\web\CController.php(257): InvitationController->runActionWithFilters()
#7 F:\wamp\www\yii\framework\web\CWebApplication.php(277): InvitationController->run()
#8 F:\wamp\www\yii\framework\web\CWebApplication.php(136): CWebApplication->runController()
#9 F:\wamp\www\yii\framework\base\CApplication.php(158): CWebApplication->processRequest()
#10 F:\wamp\www\invite\index.php(13): CWebApplication->run()
REQUEST_URI=/invite/index.php?r=invitation/upload
in F:\wamp\www\invite\protected\controllers\InvitationController.php (58)
in F:\wamp\www\invite\index.php (13)
2011/12/19 11:23:43 [error] [php] Undefined variable: form (F:\wamp\www\invite\protected\views\invitation\_form1.php:5)
Stack trace:
#0 F:\wamp\www\yii\framework\web\CController.php(866): InvitationController->renderFile()
#1 F:\wamp\www\invite\protected\views\invitation\upload.php(15): InvitationController->renderPartial()
#2 F:\wamp\www\yii\framework\web\CBaseController.php(119): require()
#3 F:\wamp\www\yii\framework\web\CBaseController.php(88): InvitationController->renderInternal()
#4 F:\wamp\www\yii\framework\web\CController.php(866): InvitationController->renderFile()
#5 F:\wamp\www\yii\framework\web\CController.php(779): InvitationController->renderPartial()
#6 F:\wamp\www\invite\protected\controllers\InvitationController.php(62): InvitationController->render()
#7 F:\wamp\www\yii\framework\web\actions\CInlineAction.php(50): InvitationController->actionUpload()
#8 F:\wamp\www\yii\framework\web\CController.php(300): CInlineAction->runWithParams()
#9 F:\wamp\www\yii\framework\web\filters\CFilterChain.php(134): InvitationController->runAction()
#10 F:\wamp\www\yii\framework\web\filters\CFilter.php(41): CFilterChain->run()
#11 F:\wamp\www\yii\framework\web\CController.php(1144): CAccessControlFilter->filter()
#12 F:\wamp\www\yii\framework\web\filters\CInlineFilter.php(59): InvitationController->filterAccessControl()
#13 F:\wamp\www\yii\framework\web\filters\CFilterChain.php(131): CInlineFilter->filter()
#14 F:\wamp\www\yii\framework\web\CController.php(283): CFilterChain->run()
#15 F:\wamp\www\yii\framework\web\CController.php(257): InvitationController->runActionWithFilters()
#16 F:\wamp\www\yii\framework\web\CWebApplication.php(277): InvitationController->run()
#17 F:\wamp\www\yii\framework\web\CWebApplication.php(136): CWebApplication->runController()
#18 F:\wamp\www\yii\framework\base\CApplication.php(158): CWebApplication->processRequest()
#19 F:\wamp\www\invite\index.php(13): CWebApplication->run()
REQUEST_URI=/invite/index.php?r=invitation/upload
in F:\wamp\www\invite\protected\views\invitation\_form1.php (5)
in F:\wamp\www\invite\protected\views\invitation\upload.php (15)
in F:\wamp\www\invite\protected\controllers\InvitationController.php (62)
2011/12/19 11:42:53 [error] [php] move_uploaded_file() [<a href='function.move-uploaded-file'>function.move-uploaded-file</a>]: The second argument to copy() function cannot be a directory (F:\wamp\www\yii\framework\web\CUploadedFile.php:183)
Stack trace:
#0 F:\wamp\www\yii\framework\web\actions\CInlineAction.php(50): InvitationController->actionUpload()
#1 F:\wamp\www\yii\framework\web\CController.php(300): CInlineAction->runWithParams()
#2 F:\wamp\www\yii\framework\web\filters\CFilterChain.php(134): InvitationController->runAction()
#3 F:\wamp\www\yii\framework\web\filters\CFilter.php(41): CFilterChain->run()
#4 F:\wamp\www\yii\framework\web\CController.php(1144): CAccessControlFilter->filter()
#5 F:\wamp\www\yii\framework\web\filters\CInlineFilter.php(59): InvitationController->filterAccessControl()
#6 F:\wamp\www\yii\framework\web\filters\CFilterChain.php(131): CInlineFilter->filter()
#7 F:\wamp\www\yii\framework\web\CController.php(283): CFilterChain->run()
#8 F:\wamp\www\yii\framework\web\CController.php(257): InvitationController->runActionWithFilters()
#9 F:\wamp\www\yii\framework\web\CWebApplication.php(277): InvitationController->run()
#10 F:\wamp\www\yii\framework\web\CWebApplication.php(136): CWebApplication->runController()
#11 F:\wamp\www\yii\framework\base\CApplication.php(158): CWebApplication->processRequest()
#12 F:\wamp\www\invite\index.php(13): CWebApplication->run()
REQUEST_URI=/invite/index.php?r=invitation/upload
in F:\wamp\www\invite\protected\controllers\InvitationController.php (56)
in F:\wamp\www\invite\index.php (13)
2011/12/19 11:45:56 [error] [php] date() expects at least 1 parameter, 0 given (F:\wamp\www\invite\protected\controllers\InvitationController.php:56)
Stack trace:
#0 F:\wamp\www\yii\framework\web\CController.php(300): CInlineAction->runWithParams()
#1 F:\wamp\www\yii\framework\web\filters\CFilterChain.php(134): InvitationController->runAction()
#2 F:\wamp\www\yii\framework\web\filters\CFilter.php(41): CFilterChain->run()
#3 F:\wamp\www\yii\framework\web\CController.php(1144): CAccessControlFilter->filter()
#4 F:\wamp\www\yii\framework\web\filters\CInlineFilter.php(59): InvitationController->filterAccessControl()
#5 F:\wamp\www\yii\framework\web\filters\CFilterChain.php(131): CInlineFilter->filter()
#6 F:\wamp\www\yii\framework\web\CController.php(283): CFilterChain->run()
#7 F:\wamp\www\yii\framework\web\CController.php(257): InvitationController->runActionWithFilters()
#8 F:\wamp\www\yii\framework\web\CWebApplication.php(277): InvitationController->run()
#9 F:\wamp\www\yii\framework\web\CWebApplication.php(136): CWebApplication->runController()
#10 F:\wamp\www\yii\framework\base\CApplication.php(158): CWebApplication->processRequest()
#11 F:\wamp\www\invite\index.php(13): CWebApplication->run()
REQUEST_URI=/invite/index.php?r=invitation/upload
in F:\wamp\www\invite\protected\controllers\InvitationController.php (56)
in F:\wamp\www\invite\index.php (13)
2011/12/19 11:47:42 [error] [php] move_uploaded_file(F:/wamp/www/invite/protected/data/inviteMon, 19 Dec 2011 11:47:42 +0000.txt) [<a href='function.move-uploaded-file'>function.move-uploaded-file</a>]: failed to open stream: Invalid argument (F:\wamp\www\yii\framework\web\CUploadedFile.php:183)
Stack trace:
#0 F:\wamp\www\yii\framework\web\actions\CInlineAction.php(50): InvitationController->actionUpload()
#1 F:\wamp\www\yii\framework\web\CController.php(300): CInlineAction->runWithParams()
#2 F:\wamp\www\yii\framework\web\filters\CFilterChain.php(134): InvitationController->runAction()
#3 F:\wamp\www\yii\framework\web\filters\CFilter.php(41): CFilterChain->run()
#4 F:\wamp\www\yii\framework\web\CController.php(1144): CAccessControlFilter->filter()
#5 F:\wamp\www\yii\framework\web\filters\CInlineFilter.php(59): InvitationController->filterAccessControl()
#6 F:\wamp\www\yii\framework\web\filters\CFilterChain.php(131): CInlineFilter->filter()
#7 F:\wamp\www\yii\framework\web\CController.php(283): CFilterChain->run()
#8 F:\wamp\www\yii\framework\web\CController.php(257): InvitationController->runActionWithFilters()
#9 F:\wamp\www\yii\framework\web\CWebApplication.php(277): InvitationController->run()
#10 F:\wamp\www\yii\framework\web\CWebApplication.php(136): CWebApplication->runController()
#11 F:\wamp\www\yii\framework\base\CApplication.php(158): CWebApplication->processRequest()
#12 F:\wamp\www\invite\index.php(13): CWebApplication->run()
REQUEST_URI=/invite/index.php?r=invitation/upload
in F:\wamp\www\invite\protected\controllers\InvitationController.php (56)
in F:\wamp\www\invite\index.php (13)
2011/12/19 12:33:23 [error] [php] Undefined variable: x (F:\wamp\www\invite\protected\controllers\InvitationController.php:57)
Stack trace:
#0 F:\wamp\www\yii\framework\web\filters\CFilterChain.php(134): InvitationController->runAction()
#1 F:\wamp\www\yii\framework\web\filters\CFilter.php(41): CFilterChain->run()
#2 F:\wamp\www\yii\framework\web\CController.php(1144): CAccessControlFilter->filter()
#3 F:\wamp\www\yii\framework\web\filters\CInlineFilter.php(59): InvitationController->filterAccessControl()
#4 F:\wamp\www\yii\framework\web\filters\CFilterChain.php(131): CInlineFilter->filter()
#5 F:\wamp\www\yii\framework\web\CController.php(283): CFilterChain->run()
#6 F:\wamp\www\yii\framework\web\CController.php(257): InvitationController->runActionWithFilters()
#7 F:\wamp\www\yii\framework\web\CWebApplication.php(277): InvitationController->run()
#8 F:\wamp\www\yii\framework\web\CWebApplication.php(136): CWebApplication->runController()
#9 F:\wamp\www\yii\framework\base\CApplication.php(158): CWebApplication->processRequest()
#10 F:\wamp\www\invite\index.php(13): CWebApplication->run()
REQUEST_URI=/invite/index.php?r=invitation/upload
in F:\wamp\www\invite\protected\controllers\InvitationController.php (57)
in F:\wamp\www\invite\index.php (13)
2011/12/19 12:44:47 [error] [php] Use of undefined constant sssssssssss - assumed 'sssssssssss' (F:\wamp\www\invite\protected\controllers\InvitationController.php:70)
Stack trace:
#0 F:\wamp\www\yii\framework\web\filters\CFilterChain.php(134): InvitationController->runAction()
#1 F:\wamp\www\yii\framework\web\filters\CFilter.php(41): CFilterChain->run()
#2 F:\wamp\www\yii\framework\web\CController.php(1144): CAccessControlFilter->filter()
#3 F:\wamp\www\yii\framework\web\filters\CInlineFilter.php(59): InvitationController->filterAccessControl()
#4 F:\wamp\www\yii\framework\web\filters\CFilterChain.php(131): CInlineFilter->filter()
#5 F:\wamp\www\yii\framework\web\CController.php(283): CFilterChain->run()
#6 F:\wamp\www\yii\framework\web\CController.php(257): InvitationController->runActionWithFilters()
#7 F:\wamp\www\yii\framework\web\CWebApplication.php(277): InvitationController->run()
#8 F:\wamp\www\yii\framework\web\CWebApplication.php(136): CWebApplication->runController()
#9 F:\wamp\www\yii\framework\base\CApplication.php(158): CWebApplication->processRequest()
#10 F:\wamp\www\invite\index.php(13): CWebApplication->run()
REQUEST_URI=/invite/index.php?r=invitation/upload
in F:\wamp\www\invite\protected\controllers\InvitationController.php (70)
in F:\wamp\www\invite\index.php (13)
2011/12/20 03:07:59 [error] [php] Undefined variable: model (F:\wamp\www\invite\protected\views\invitation\_view.php:5)
Stack trace:
#0 F:\wamp\www\yii\framework\web\CController.php(866): InvitationController->renderFile()
#1 F:\wamp\www\yii\framework\zii\widgets\CListView.php(242): InvitationController->renderPartial()
#2 F:\wamp\www\yii\framework\zii\widgets\CBaseListView.php(158): CListView->renderItems()
#3 unknown(0): CListView->renderSection()
#4 F:\wamp\www\yii\framework\zii\widgets\CBaseListView.php(141): preg_replace_callback()
#5 F:\wamp\www\yii\framework\zii\widgets\CBaseListView.php(126): CListView->renderContent()
#6 F:\wamp\www\yii\framework\web\CBaseController.php(166): CListView->run()
#7 F:\wamp\www\invite\protected\views\invitation\index.php(17): InvitationController->widget()
#8 F:\wamp\www\yii\framework\web\CBaseController.php(119): require()
#9 F:\wamp\www\yii\framework\web\CBaseController.php(88): InvitationController->renderInternal()
#10 F:\wamp\www\yii\framework\web\CController.php(866): InvitationController->renderFile()
#11 F:\wamp\www\yii\framework\web\CController.php(779): InvitationController->renderPartial()
#12 F:\wamp\www\invite\protected\controllers\InvitationController.php(170): InvitationController->render()
#13 F:\wamp\www\yii\framework\web\actions\CInlineAction.php(50): InvitationController->actionIndex()
#14 F:\wamp\www\yii\framework\web\CController.php(300): CInlineAction->runWithParams()
#15 F:\wamp\www\yii\framework\web\filters\CFilterChain.php(134): InvitationController->runAction()
#16 F:\wamp\www\yii\framework\web\filters\CFilter.php(41): CFilterChain->run()
#17 F:\wamp\www\yii\framework\web\CController.php(1144): CAccessControlFilter->filter()
#18 F:\wamp\www\yii\framework\web\filters\CInlineFilter.php(59): InvitationController->filterAccessControl()
#19 F:\wamp\www\yii\framework\web\filters\CFilterChain.php(131): CInlineFilter->filter()
#20 F:\wamp\www\yii\framework\web\CController.php(283): CFilterChain->run()
#21 F:\wamp\www\yii\framework\web\CController.php(257): InvitationController->runActionWithFilters()
#22 F:\wamp\www\yii\framework\web\CWebApplication.php(277): InvitationController->run()
#23 F:\wamp\www\yii\framework\web\CWebApplication.php(136): CWebApplication->runController()
#24 F:\wamp\www\yii\framework\base\CApplication.php(158): CWebApplication->processRequest()
#25 F:\wamp\www\invite\index.php(13): CWebApplication->run()
REQUEST_URI=/invite/index.php?r=invitation/index
in F:\wamp\www\invite\protected\views\invitation\_view.php (5)
in F:\wamp\www\invite\protected\views\invitation\index.php (17)
in F:\wamp\www\invite\protected\controllers\InvitationController.php (170)
2011/12/20 03:46:54 [error] [php] Invalid argument supplied for foreach() (F:\wamp\www\invite\protected\views\invitation\_view.php:11)
Stack trace:
#0 F:\wamp\www\yii\framework\web\CController.php(866): InvitationController->renderFile()
#1 F:\wamp\www\yii\framework\zii\widgets\CListView.php(242): InvitationController->renderPartial()
#2 F:\wamp\www\yii\framework\zii\widgets\CBaseListView.php(158): CListView->renderItems()
#3 unknown(0): CListView->renderSection()
#4 F:\wamp\www\yii\framework\zii\widgets\CBaseListView.php(141): preg_replace_callback()
#5 F:\wamp\www\yii\framework\zii\widgets\CBaseListView.php(126): CListView->renderContent()
#6 F:\wamp\www\yii\framework\web\CBaseController.php(166): CListView->run()
#7 F:\wamp\www\invite\protected\views\invitation\index.php(17): InvitationController->widget()
#8 F:\wamp\www\yii\framework\web\CBaseController.php(119): require()
#9 F:\wamp\www\yii\framework\web\CBaseController.php(88): InvitationController->renderInternal()
#10 F:\wamp\www\yii\framework\web\CController.php(866): InvitationController->renderFile()
#11 F:\wamp\www\yii\framework\web\CController.php(779): InvitationController->renderPartial()
#12 F:\wamp\www\invite\protected\controllers\InvitationController.php(170): InvitationController->render()
#13 F:\wamp\www\yii\framework\web\actions\CInlineAction.php(50): InvitationController->actionIndex()
#14 F:\wamp\www\yii\framework\web\CController.php(300): CInlineAction->runWithParams()
#15 F:\wamp\www\yii\framework\web\filters\CFilterChain.php(134): InvitationController->runAction()
#16 F:\wamp\www\yii\framework\web\filters\CFilter.php(41): CFilterChain->run()
#17 F:\wamp\www\yii\framework\web\CController.php(1144): CAccessControlFilter->filter()
#18 F:\wamp\www\yii\framework\web\filters\CInlineFilter.php(59): InvitationController->filterAccessControl()
#19 F:\wamp\www\yii\framework\web\filters\CFilterChain.php(131): CInlineFilter->filter()
#20 F:\wamp\www\yii\framework\web\CController.php(283): CFilterChain->run()
#21 F:\wamp\www\yii\framework\web\CController.php(257): InvitationController->runActionWithFilters()
#22 F:\wamp\www\yii\framework\web\CWebApplication.php(277): InvitationController->run()
#23 F:\wamp\www\yii\framework\web\CWebApplication.php(136): CWebApplication->runController()
#24 F:\wamp\www\yii\framework\base\CApplication.php(158): CWebApplication->processRequest()
#25 F:\wamp\www\invite\index.php(13): CWebApplication->run()
REQUEST_URI=/invite/index.php?r=invitation/index
in F:\wamp\www\invite\protected\views\invitation\_view.php (11)
in F:\wamp\www\invite\protected\views\invitation\index.php (17)
in F:\wamp\www\invite\protected\controllers\InvitationController.php (170)
2011/12/20 04:00:46 [error] [php] Invalid argument supplied for foreach() (F:\wamp\www\invite\protected\views\invitation\_view.php:11)
Stack trace:
#0 F:\wamp\www\yii\framework\web\CController.php(866): InvitationController->renderFile()
#1 F:\wamp\www\yii\framework\zii\widgets\CListView.php(242): InvitationController->renderPartial()
#2 F:\wamp\www\yii\framework\zii\widgets\CBaseListView.php(158): CListView->renderItems()
#3 unknown(0): CListView->renderSection()
#4 F:\wamp\www\yii\framework\zii\widgets\CBaseListView.php(141): preg_replace_callback()
#5 F:\wamp\www\yii\framework\zii\widgets\CBaseListView.php(126): CListView->renderContent()
#6 F:\wamp\www\yii\framework\web\CBaseController.php(166): CListView->run()
#7 F:\wamp\www\invite\protected\views\invitation\index.php(17): InvitationController->widget()
#8 F:\wamp\www\yii\framework\web\CBaseController.php(119): require()
#9 F:\wamp\www\yii\framework\web\CBaseController.php(88): InvitationController->renderInternal()
#10 F:\wamp\www\yii\framework\web\CController.php(866): InvitationController->renderFile()
#11 F:\wamp\www\yii\framework\web\CController.php(779): InvitationController->renderPartial()
#12 F:\wamp\www\invite\protected\controllers\InvitationController.php(170): InvitationController->render()
#13 F:\wamp\www\yii\framework\web\actions\CInlineAction.php(50): InvitationController->actionIndex()
#14 F:\wamp\www\yii\framework\web\CController.php(300): CInlineAction->runWithParams()
#15 F:\wamp\www\yii\framework\web\filters\CFilterChain.php(134): InvitationController->runAction()
#16 F:\wamp\www\yii\framework\web\filters\CFilter.php(41): CFilterChain->run()
#17 F:\wamp\www\yii\framework\web\CController.php(1144): CAccessControlFilter->filter()
#18 F:\wamp\www\yii\framework\web\filters\CInlineFilter.php(59): InvitationController->filterAccessControl()
#19 F:\wamp\www\yii\framework\web\filters\CFilterChain.php(131): CInlineFilter->filter()
#20 F:\wamp\www\yii\framework\web\CController.php(283): CFilterChain->run()
#21 F:\wamp\www\yii\framework\web\CController.php(257): InvitationController->runActionWithFilters()
#22 F:\wamp\www\yii\framework\web\CWebApplication.php(277): InvitationController->run()
#23 F:\wamp\www\yii\framework\web\CWebApplication.php(136): CWebApplication->runController()
#24 F:\wamp\www\yii\framework\base\CApplication.php(158): CWebApplication->processRequest()
#25 F:\wamp\www\invite\index.php(13): CWebApplication->run()
REQUEST_URI=/invite/index.php?r=invitation/index
in F:\wamp\www\invite\protected\views\invitation\_view.php (11)
in F:\wamp\www\invite\protected\views\invitation\index.php (17)
in F:\wamp\www\invite\protected\controllers\InvitationController.php (170)
2011/12/20 04:05:14 [error] [php] Undefined variable: select (F:\wamp\www\invite\protected\views\invitation\_view.php:26)
Stack trace:
#0 F:\wamp\www\yii\framework\web\CController.php(866): InvitationController->renderFile()
#1 F:\wamp\www\yii\framework\zii\widgets\CListView.php(242): InvitationController->renderPartial()
#2 F:\wamp\www\yii\framework\zii\widgets\CBaseListView.php(158): CListView->renderItems()
#3 unknown(0): CListView->renderSection()
#4 F:\wamp\www\yii\framework\zii\widgets\CBaseListView.php(141): preg_replace_callback()
#5 F:\wamp\www\yii\framework\zii\widgets\CBaseListView.php(126): CListView->renderContent()
#6 F:\wamp\www\yii\framework\web\CBaseController.php(166): CListView->run()
#7 F:\wamp\www\invite\protected\views\invitation\index.php(17): InvitationController->widget()
#8 F:\wamp\www\yii\framework\web\CBaseController.php(119): require()
#9 F:\wamp\www\yii\framework\web\CBaseController.php(88): InvitationController->renderInternal()
#10 F:\wamp\www\yii\framework\web\CController.php(866): InvitationController->renderFile()
#11 F:\wamp\www\yii\framework\web\CController.php(779): InvitationController->renderPartial()
#12 F:\wamp\www\invite\protected\controllers\InvitationController.php(170): InvitationController->render()
#13 F:\wamp\www\yii\framework\web\actions\CInlineAction.php(50): InvitationController->actionIndex()
#14 F:\wamp\www\yii\framework\web\CController.php(300): CInlineAction->runWithParams()
#15 F:\wamp\www\yii\framework\web\filters\CFilterChain.php(134): InvitationController->runAction()
#16 F:\wamp\www\yii\framework\web\filters\CFilter.php(41): CFilterChain->run()
#17 F:\wamp\www\yii\framework\web\CController.php(1144): CAccessControlFilter->filter()
#18 F:\wamp\www\yii\framework\web\filters\CInlineFilter.php(59): InvitationController->filterAccessControl()
#19 F:\wamp\www\yii\framework\web\filters\CFilterChain.php(131): CInlineFilter->filter()
#20 F:\wamp\www\yii\framework\web\CController.php(283): CFilterChain->run()
#21 F:\wamp\www\yii\framework\web\CController.php(257): InvitationController->runActionWithFilters()
#22 F:\wamp\www\yii\framework\web\CWebApplication.php(277): InvitationController->run()
#23 F:\wamp\www\yii\framework\web\CWebApplication.php(136): CWebApplication->runController()
#24 F:\wamp\www\yii\framework\base\CApplication.php(158): CWebApplication->processRequest()
#25 F:\wamp\www\invite\index.php(13): CWebApplication->run()
REQUEST_URI=/invite/index.php?r=invitation/index
in F:\wamp\www\invite\protected\views\invitation\_view.php (26)
in F:\wamp\www\invite\protected\views\invitation\index.php (17)
in F:\wamp\www\invite\protected\controllers\InvitationController.php (170)
2011/12/20 04:09:45 [error] [php] Invalid argument supplied for foreach() (F:\wamp\www\invite\protected\views\invitation\_view.php:11)
Stack trace:
#0 F:\wamp\www\yii\framework\web\CController.php(866): InvitationController->renderFile()
#1 F:\wamp\www\yii\framework\zii\widgets\CListView.php(242): InvitationController->renderPartial()
#2 F:\wamp\www\yii\framework\zii\widgets\CBaseListView.php(158): CListView->renderItems()
#3 unknown(0): CListView->renderSection()
#4 F:\wamp\www\yii\framework\zii\widgets\CBaseListView.php(141): preg_replace_callback()
#5 F:\wamp\www\yii\framework\zii\widgets\CBaseListView.php(126): CListView->renderContent()
#6 F:\wamp\www\yii\framework\web\CBaseController.php(166): CListView->run()
#7 F:\wamp\www\invite\protected\views\invitation\index.php(17): InvitationController->widget()
#8 F:\wamp\www\yii\framework\web\CBaseController.php(119): require()
#9 F:\wamp\www\yii\framework\web\CBaseController.php(88): InvitationController->renderInternal()
#10 F:\wamp\www\yii\framework\web\CController.php(866): InvitationController->renderFile()
#11 F:\wamp\www\yii\framework\web\CController.php(779): InvitationController->renderPartial()
#12 F:\wamp\www\invite\protected\controllers\InvitationController.php(170): InvitationController->render()
#13 F:\wamp\www\yii\framework\web\actions\CInlineAction.php(50): InvitationController->actionIndex()
#14 F:\wamp\www\yii\framework\web\CController.php(300): CInlineAction->runWithParams()
#15 F:\wamp\www\yii\framework\web\filters\CFilterChain.php(134): InvitationController->runAction()
#16 F:\wamp\www\yii\framework\web\filters\CFilter.php(41): CFilterChain->run()
#17 F:\wamp\www\yii\framework\web\CController.php(1144): CAccessControlFilter->filter()
#18 F:\wamp\www\yii\framework\web\filters\CInlineFilter.php(59): InvitationController->filterAccessControl()
#19 F:\wamp\www\yii\framework\web\filters\CFilterChain.php(131): CInlineFilter->filter()
#20 F:\wamp\www\yii\framework\web\CController.php(283): CFilterChain->run()
#21 F:\wamp\www\yii\framework\web\CController.php(257): InvitationController->runActionWithFilters()
#22 F:\wamp\www\yii\framework\web\CWebApplication.php(277): InvitationController->run()
#23 F:\wamp\www\yii\framework\web\CWebApplication.php(136): CWebApplication->runController()
#24 F:\wamp\www\yii\framework\base\CApplication.php(158): CWebApplication->processRequest()
#25 F:\wamp\www\invite\index.php(13): CWebApplication->run()
REQUEST_URI=/invite/index.php?r=invitation/index
in F:\wamp\www\invite\protected\views\invitation\_view.php (11)
in F:\wamp\www\invite\protected\views\invitation\index.php (17)
in F:\wamp\www\invite\protected\controllers\InvitationController.php (170)
2011/12/20 04:10:35 [error] [php] Invalid argument supplied for foreach() (F:\wamp\www\invite\protected\views\invitation\_view.php:11)
Stack trace:
#0 F:\wamp\www\yii\framework\web\CController.php(866): InvitationController->renderFile()
#1 F:\wamp\www\yii\framework\zii\widgets\CListView.php(242): InvitationController->renderPartial()
#2 F:\wamp\www\yii\framework\zii\widgets\CBaseListView.php(158): CListView->renderItems()
#3 unknown(0): CListView->renderSection()
#4 F:\wamp\www\yii\framework\zii\widgets\CBaseListView.php(141): preg_replace_callback()
#5 F:\wamp\www\yii\framework\zii\widgets\CBaseListView.php(126): CListView->renderContent()
#6 F:\wamp\www\yii\framework\web\CBaseController.php(166): CListView->run()
#7 F:\wamp\www\invite\protected\views\invitation\index.php(17): InvitationController->widget()
#8 F:\wamp\www\yii\framework\web\CBaseController.php(119): require()
#9 F:\wamp\www\yii\framework\web\CBaseController.php(88): InvitationController->renderInternal()
#10 F:\wamp\www\yii\framework\web\CController.php(866): InvitationController->renderFile()
#11 F:\wamp\www\yii\framework\web\CController.php(779): InvitationController->renderPartial()
#12 F:\wamp\www\invite\protected\controllers\InvitationController.php(170): InvitationController->render()
#13 F:\wamp\www\yii\framework\web\actions\CInlineAction.php(50): InvitationController->actionIndex()
#14 F:\wamp\www\yii\framework\web\CController.php(300): CInlineAction->runWithParams()
#15 F:\wamp\www\yii\framework\web\filters\CFilterChain.php(134): InvitationController->runAction()
#16 F:\wamp\www\yii\framework\web\filters\CFilter.php(41): CFilterChain->run()
#17 F:\wamp\www\yii\framework\web\CController.php(1144): CAccessControlFilter->filter()
#18 F:\wamp\www\yii\framework\web\filters\CInlineFilter.php(59): InvitationController->filterAccessControl()
#19 F:\wamp\www\yii\framework\web\filters\CFilterChain.php(131): CInlineFilter->filter()
#20 F:\wamp\www\yii\framework\web\CController.php(283): CFilterChain->run()
#21 F:\wamp\www\yii\framework\web\CController.php(257): InvitationController->runActionWithFilters()
#22 F:\wamp\www\yii\framework\web\CWebApplication.php(277): InvitationController->run()
#23 F:\wamp\www\yii\framework\web\CWebApplication.php(136): CWebApplication->runController()
#24 F:\wamp\www\yii\framework\base\CApplication.php(158): CWebApplication->processRequest()
#25 F:\wamp\www\invite\index.php(13): CWebApplication->run()
REQUEST_URI=/invite/index.php?r=invitation/index
in F:\wamp\www\invite\protected\views\invitation\_view.php (11)
in F:\wamp\www\invite\protected\views\invitation\index.php (17)
in F:\wamp\www\invite\protected\controllers\InvitationController.php (170)
2011/12/20 04:10:36 [error] [php] Invalid argument supplied for foreach() (F:\wamp\www\invite\protected\views\invitation\_view.php:11)
Stack trace:
#0 F:\wamp\www\yii\framework\web\CController.php(866): InvitationController->renderFile()
#1 F:\wamp\www\yii\framework\zii\widgets\CListView.php(242): InvitationController->renderPartial()
#2 F:\wamp\www\yii\framework\zii\widgets\CBaseListView.php(158): CListView->renderItems()
#3 unknown(0): CListView->renderSection()
#4 F:\wamp\www\yii\framework\zii\widgets\CBaseListView.php(141): preg_replace_callback()
#5 F:\wamp\www\yii\framework\zii\widgets\CBaseListView.php(126): CListView->renderContent()
#6 F:\wamp\www\yii\framework\web\CBaseController.php(166): CListView->run()
#7 F:\wamp\www\invite\protected\views\invitation\index.php(17): InvitationController->widget()
#8 F:\wamp\www\yii\framework\web\CBaseController.php(119): require()
#9 F:\wamp\www\yii\framework\web\CBaseController.php(88): InvitationController->renderInternal()
#10 F:\wamp\www\yii\framework\web\CController.php(866): InvitationController->renderFile()
#11 F:\wamp\www\yii\framework\web\CController.php(779): InvitationController->renderPartial()
#12 F:\wamp\www\invite\protected\controllers\InvitationController.php(170): InvitationController->render()
#13 F:\wamp\www\yii\framework\web\actions\CInlineAction.php(50): InvitationController->actionIndex()
#14 F:\wamp\www\yii\framework\web\CController.php(300): CInlineAction->runWithParams()
#15 F:\wamp\www\yii\framework\web\filters\CFilterChain.php(134): InvitationController->runAction()
#16 F:\wamp\www\yii\framework\web\filters\CFilter.php(41): CFilterChain->run()
#17 F:\wamp\www\yii\framework\web\CController.php(1144): CAccessControlFilter->filter()
#18 F:\wamp\www\yii\framework\web\filters\CInlineFilter.php(59): InvitationController->filterAccessControl()
#19 F:\wamp\www\yii\framework\web\filters\CFilterChain.php(131): CInlineFilter->filter()
#20 F:\wamp\www\yii\framework\web\CController.php(283): CFilterChain->run()
#21 F:\wamp\www\yii\framework\web\CController.php(257): InvitationController->runActionWithFilters()
#22 F:\wamp\www\yii\framework\web\CWebApplication.php(277): InvitationController->run()
#23 F:\wamp\www\yii\framework\web\CWebApplication.php(136): CWebApplication->runController()
#24 F:\wamp\www\yii\framework\base\CApplication.php(158): CWebApplication->processRequest()
#25 F:\wamp\www\invite\index.php(13): CWebApplication->run()
REQUEST_URI=/invite/index.php?r=invitation/index
in F:\wamp\www\invite\protected\views\invitation\_view.php (11)
in F:\wamp\www\invite\protected\views\invitation\index.php (17)
in F:\wamp\www\invite\protected\controllers\InvitationController.php (170)
2011/12/20 04:13:43 [error] [php] Invalid argument supplied for foreach() (F:\wamp\www\invite\protected\views\invitation\_view.php:12)
Stack trace:
#0 F:\wamp\www\yii\framework\web\CController.php(866): InvitationController->renderFile()
#1 F:\wamp\www\yii\framework\zii\widgets\CListView.php(242): InvitationController->renderPartial()
#2 F:\wamp\www\yii\framework\zii\widgets\CBaseListView.php(158): CListView->renderItems()
#3 unknown(0): CListView->renderSection()
#4 F:\wamp\www\yii\framework\zii\widgets\CBaseListView.php(141): preg_replace_callback()
#5 F:\wamp\www\yii\framework\zii\widgets\CBaseListView.php(126): CListView->renderContent()
#6 F:\wamp\www\yii\framework\web\CBaseController.php(166): CListView->run()
#7 F:\wamp\www\invite\protected\views\invitation\index.php(17): InvitationController->widget()
#8 F:\wamp\www\yii\framework\web\CBaseController.php(119): require()
#9 F:\wamp\www\yii\framework\web\CBaseController.php(88): InvitationController->renderInternal()
#10 F:\wamp\www\yii\framework\web\CController.php(866): InvitationController->renderFile()
#11 F:\wamp\www\yii\framework\web\CController.php(779): InvitationController->renderPartial()
#12 F:\wamp\www\invite\protected\controllers\InvitationController.php(170): InvitationController->render()
#13 F:\wamp\www\yii\framework\web\actions\CInlineAction.php(50): InvitationController->actionIndex()
#14 F:\wamp\www\yii\framework\web\CController.php(300): CInlineAction->runWithParams()
#15 F:\wamp\www\yii\framework\web\filters\CFilterChain.php(134): InvitationController->runAction()
#16 F:\wamp\www\yii\framework\web\filters\CFilter.php(41): CFilterChain->run()
#17 F:\wamp\www\yii\framework\web\CController.php(1144): CAccessControlFilter->filter()
#18 F:\wamp\www\yii\framework\web\filters\CInlineFilter.php(59): InvitationController->filterAccessControl()
#19 F:\wamp\www\yii\framework\web\filters\CFilterChain.php(131): CInlineFilter->filter()
#20 F:\wamp\www\yii\framework\web\CController.php(283): CFilterChain->run()
#21 F:\wamp\www\yii\framework\web\CController.php(257): InvitationController->runActionWithFilters()
#22 F:\wamp\www\yii\framework\web\CWebApplication.php(277): InvitationController->run()
#23 F:\wamp\www\yii\framework\web\CWebApplication.php(136): CWebApplication->runController()
#24 F:\wamp\www\yii\framework\base\CApplication.php(158): CWebApplication->processRequest()
#25 F:\wamp\www\invite\index.php(13): CWebApplication->run()
REQUEST_URI=/invite/index.php?r=invitation/index
in F:\wamp\www\invite\protected\views\invitation\_view.php (12)
in F:\wamp\www\invite\protected\views\invitation\index.php (17)
in F:\wamp\www\invite\protected\controllers\InvitationController.php (170)
2011/12/20 06:39:30 [error] [php] Undefined variable: data (F:\wamp\www\invite\protected\views\invitation\index.php:31)
Stack trace:
#0 F:\wamp\www\yii\framework\web\CController.php(866): InvitationController->renderFile()
#1 F:\wamp\www\yii\framework\web\CController.php(779): InvitationController->renderPartial()
#2 F:\wamp\www\invite\protected\controllers\InvitationController.php(170): InvitationController->render()
#3 F:\wamp\www\yii\framework\web\actions\CInlineAction.php(50): InvitationController->actionIndex()
#4 F:\wamp\www\yii\framework\web\CController.php(300): CInlineAction->runWithParams()
#5 F:\wamp\www\yii\framework\web\filters\CFilterChain.php(134): InvitationController->runAction()
#6 F:\wamp\www\yii\framework\web\filters\CFilter.php(41): CFilterChain->run()
#7 F:\wamp\www\yii\framework\web\CController.php(1144): CAccessControlFilter->filter()
#8 F:\wamp\www\yii\framework\web\filters\CInlineFilter.php(59): InvitationController->filterAccessControl()
#9 F:\wamp\www\yii\framework\web\filters\CFilterChain.php(131): CInlineFilter->filter()
#10 F:\wamp\www\yii\framework\web\CController.php(283): CFilterChain->run()
#11 F:\wamp\www\yii\framework\web\CController.php(257): InvitationController->runActionWithFilters()
#12 F:\wamp\www\yii\framework\web\CWebApplication.php(277): InvitationController->run()
#13 F:\wamp\www\yii\framework\web\CWebApplication.php(136): CWebApplication->runController()
#14 F:\wamp\www\yii\framework\base\CApplication.php(158): CWebApplication->processRequest()
#15 F:\wamp\www\invite\index.php(13): CWebApplication->run()
REQUEST_URI=/invite/index.php?r=invitation/index
in F:\wamp\www\invite\protected\views\invitation\index.php (31)
in F:\wamp\www\invite\protected\controllers\InvitationController.php (170)
in F:\wamp\www\invite\index.php (13)
2011/12/20 06:39:52 [error] [php] Trying to get property of non-object (F:\wamp\www\invite\protected\views\invitation\index.php:31)
Stack trace:
#0 F:\wamp\www\yii\framework\web\CController.php(866): InvitationController->renderFile()
#1 F:\wamp\www\yii\framework\web\CController.php(779): InvitationController->renderPartial()
#2 F:\wamp\www\invite\protected\controllers\InvitationController.php(170): InvitationController->render()
#3 F:\wamp\www\yii\framework\web\actions\CInlineAction.php(50): InvitationController->actionIndex()
#4 F:\wamp\www\yii\framework\web\CController.php(300): CInlineAction->runWithParams()
#5 F:\wamp\www\yii\framework\web\filters\CFilterChain.php(134): InvitationController->runAction()
#6 F:\wamp\www\yii\framework\web\filters\CFilter.php(41): CFilterChain->run()
#7 F:\wamp\www\yii\framework\web\CController.php(1144): CAccessControlFilter->filter()
#8 F:\wamp\www\yii\framework\web\filters\CInlineFilter.php(59): InvitationController->filterAccessControl()
#9 F:\wamp\www\yii\framework\web\filters\CFilterChain.php(131): CInlineFilter->filter()
#10 F:\wamp\www\yii\framework\web\CController.php(283): CFilterChain->run()
#11 F:\wamp\www\yii\framework\web\CController.php(257): InvitationController->runActionWithFilters()
#12 F:\wamp\www\yii\framework\web\CWebApplication.php(277): InvitationController->run()
#13 F:\wamp\www\yii\framework\web\CWebApplication.php(136): CWebApplication->runController()
#14 F:\wamp\www\yii\framework\base\CApplication.php(158): CWebApplication->processRequest()
#15 F:\wamp\www\invite\index.php(13): CWebApplication->run()
REQUEST_URI=/invite/index.php?r=invitation/index
in F:\wamp\www\invite\protected\views\invitation\index.php (31)
in F:\wamp\www\invite\protected\controllers\InvitationController.php (170)
in F:\wamp\www\invite\index.php (13)
2011/12/20 06:40:04 [error] [php] Undefined variable: data (F:\wamp\www\invite\protected\views\invitation\index.php:30)
Stack trace:
#0 F:\wamp\www\yii\framework\web\CController.php(866): InvitationController->renderFile()
#1 F:\wamp\www\yii\framework\web\CController.php(779): InvitationController->renderPartial()
#2 F:\wamp\www\invite\protected\controllers\InvitationController.php(170): InvitationController->render()
#3 F:\wamp\www\yii\framework\web\actions\CInlineAction.php(50): InvitationController->actionIndex()
#4 F:\wamp\www\yii\framework\web\CController.php(300): CInlineAction->runWithParams()
#5 F:\wamp\www\yii\framework\web\filters\CFilterChain.php(134): InvitationController->runAction()
#6 F:\wamp\www\yii\framework\web\filters\CFilter.php(41): CFilterChain->run()
#7 F:\wamp\www\yii\framework\web\CController.php(1144): CAccessControlFilter->filter()
#8 F:\wamp\www\yii\framework\web\filters\CInlineFilter.php(59): InvitationController->filterAccessControl()
#9 F:\wamp\www\yii\framework\web\filters\CFilterChain.php(131): CInlineFilter->filter()
#10 F:\wamp\www\yii\framework\web\CController.php(283): CFilterChain->run()
#11 F:\wamp\www\yii\framework\web\CController.php(257): InvitationController->runActionWithFilters()
#12 F:\wamp\www\yii\framework\web\CWebApplication.php(277): InvitationController->run()
#13 F:\wamp\www\yii\framework\web\CWebApplication.php(136): CWebApplication->runController()
#14 F:\wamp\www\yii\framework\base\CApplication.php(158): CWebApplication->processRequest()
#15 F:\wamp\www\invite\index.php(13): CWebApplication->run()
REQUEST_URI=/invite/index.php?r=invitation/index
in F:\wamp\www\invite\protected\views\invitation\index.php (30)
in F:\wamp\www\invite\protected\controllers\InvitationController.php (170)
in F:\wamp\www\invite\index.php (13)
2011/12/20 06:51:46 [error] [php] Undefined variable: data (F:\wamp\www\invite\protected\views\invitation\index.php:30)
Stack trace:
#0 F:\wamp\www\yii\framework\web\CController.php(866): InvitationController->renderFile()
#1 F:\wamp\www\yii\framework\web\CController.php(779): InvitationController->renderPartial()
#2 F:\wamp\www\invite\protected\controllers\InvitationController.php(170): InvitationController->render()
#3 F:\wamp\www\yii\framework\web\actions\CInlineAction.php(50): InvitationController->actionIndex()
#4 F:\wamp\www\yii\framework\web\CController.php(300): CInlineAction->runWithParams()
#5 F:\wamp\www\yii\framework\web\filters\CFilterChain.php(134): InvitationController->runAction()
#6 F:\wamp\www\yii\framework\web\filters\CFilter.php(41): CFilterChain->run()
#7 F:\wamp\www\yii\framework\web\CController.php(1144): CAccessControlFilter->filter()
#8 F:\wamp\www\yii\framework\web\filters\CInlineFilter.php(59): InvitationController->filterAccessControl()
#9 F:\wamp\www\yii\framework\web\filters\CFilterChain.php(131): CInlineFilter->filter()
#10 F:\wamp\www\yii\framework\web\CController.php(283): CFilterChain->run()
#11 F:\wamp\www\yii\framework\web\CController.php(257): InvitationController->runActionWithFilters()
#12 F:\wamp\www\yii\framework\web\CWebApplication.php(277): InvitationController->run()
#13 F:\wamp\www\yii\framework\web\CWebApplication.php(136): CWebApplication->runController()
#14 F:\wamp\www\yii\framework\base\CApplication.php(158): CWebApplication->processRequest()
#15 F:\wamp\www\invite\index.php(13): CWebApplication->run()
REQUEST_URI=/invite/index.php?r=invitation
in F:\wamp\www\invite\protected\views\invitation\index.php (30)
in F:\wamp\www\invite\protected\controllers\InvitationController.php (170)
in F:\wamp\www\invite\index.php (13)
2011/12/20 06:52:15 [error] [php] Undefined variable: data (F:\wamp\www\invite\protected\views\invitation\index.php:30)
Stack trace:
#0 F:\wamp\www\yii\framework\web\CController.php(866): InvitationController->renderFile()
#1 F:\wamp\www\yii\framework\web\CController.php(779): InvitationController->renderPartial()
#2 F:\wamp\www\invite\protected\controllers\InvitationController.php(170): InvitationController->render()
#3 F:\wamp\www\yii\framework\web\actions\CInlineAction.php(50): InvitationController->actionIndex()
#4 F:\wamp\www\yii\framework\web\CController.php(300): CInlineAction->runWithParams()
#5 F:\wamp\www\yii\framework\web\filters\CFilterChain.php(134): InvitationController->runAction()
#6 F:\wamp\www\yii\framework\web\filters\CFilter.php(41): CFilterChain->run()
#7 F:\wamp\www\yii\framework\web\CController.php(1144): CAccessControlFilter->filter()
#8 F:\wamp\www\yii\framework\web\filters\CInlineFilter.php(59): InvitationController->filterAccessControl()
#9 F:\wamp\www\yii\framework\web\filters\CFilterChain.php(131): CInlineFilter->filter()
#10 F:\wamp\www\yii\framework\web\CController.php(283): CFilterChain->run()
#11 F:\wamp\www\yii\framework\web\CController.php(257): InvitationController->runActionWithFilters()
#12 F:\wamp\www\yii\framework\web\CWebApplication.php(277): InvitationController->run()
#13 F:\wamp\www\yii\framework\web\CWebApplication.php(136): CWebApplication->runController()
#14 F:\wamp\www\yii\framework\base\CApplication.php(158): CWebApplication->processRequest()
#15 F:\wamp\www\invite\index.php(13): CWebApplication->run()
REQUEST_URI=/invite/index.php?r=invitation
in F:\wamp\www\invite\protected\views\invitation\index.php (30)
in F:\wamp\www\invite\protected\controllers\InvitationController.php (170)
in F:\wamp\www\invite\index.php (13)
2011/12/20 07:07:30 [error] [php] Trying to get property of non-object (F:\wamp\www\invite\protected\views\invitation\index.php:33)
Stack trace:
#0 F:\wamp\www\yii\framework\web\CController.php(866): InvitationController->renderFile()
#1 F:\wamp\www\yii\framework\web\CController.php(779): InvitationController->renderPartial()
#2 F:\wamp\www\invite\protected\controllers\InvitationController.php(170): InvitationController->render()
#3 F:\wamp\www\yii\framework\web\actions\CInlineAction.php(50): InvitationController->actionIndex()
#4 F:\wamp\www\yii\framework\web\CController.php(300): CInlineAction->runWithParams()
#5 F:\wamp\www\yii\framework\web\filters\CFilterChain.php(134): InvitationController->runAction()
#6 F:\wamp\www\yii\framework\web\filters\CFilter.php(41): CFilterChain->run()
#7 F:\wamp\www\yii\framework\web\CController.php(1144): CAccessControlFilter->filter()
#8 F:\wamp\www\yii\framework\web\filters\CInlineFilter.php(59): InvitationController->filterAccessControl()
#9 F:\wamp\www\yii\framework\web\filters\CFilterChain.php(131): CInlineFilter->filter()
#10 F:\wamp\www\yii\framework\web\CController.php(283): CFilterChain->run()
#11 F:\wamp\www\yii\framework\web\CController.php(257): InvitationController->runActionWithFilters()
#12 F:\wamp\www\yii\framework\web\CWebApplication.php(277): InvitationController->run()
#13 F:\wamp\www\yii\framework\web\CWebApplication.php(136): CWebApplication->runController()
#14 F:\wamp\www\yii\framework\base\CApplication.php(158): CWebApplication->processRequest()
#15 F:\wamp\www\invite\index.php(13): CWebApplication->run()
REQUEST_URI=/invite/index.php?r=invitation
in F:\wamp\www\invite\protected\views\invitation\index.php (33)
in F:\wamp\www\invite\protected\controllers\InvitationController.php (170)
in F:\wamp\www\invite\index.php (13)
2011/12/20 07:08:55 [error] [php] Undefined offset: 4 (F:\wamp\www\invite\protected\views\invitation\index.php:33)
Stack trace:
#0 F:\wamp\www\yii\framework\web\CController.php(866): InvitationController->renderFile()
#1 F:\wamp\www\yii\framework\web\CController.php(779): InvitationController->renderPartial()
#2 F:\wamp\www\invite\protected\controllers\InvitationController.php(170): InvitationController->render()
#3 F:\wamp\www\yii\framework\web\actions\CInlineAction.php(50): InvitationController->actionIndex()
#4 F:\wamp\www\yii\framework\web\CController.php(300): CInlineAction->runWithParams()
#5 F:\wamp\www\yii\framework\web\filters\CFilterChain.php(134): InvitationController->runAction()
#6 F:\wamp\www\yii\framework\web\filters\CFilter.php(41): CFilterChain->run()
#7 F:\wamp\www\yii\framework\web\CController.php(1144): CAccessControlFilter->filter()
#8 F:\wamp\www\yii\framework\web\filters\CInlineFilter.php(59): InvitationController->filterAccessControl()
#9 F:\wamp\www\yii\framework\web\filters\CFilterChain.php(131): CInlineFilter->filter()
#10 F:\wamp\www\yii\framework\web\CController.php(283): CFilterChain->run()
#11 F:\wamp\www\yii\framework\web\CController.php(257): InvitationController->runActionWithFilters()
#12 F:\wamp\www\yii\framework\web\CWebApplication.php(277): InvitationController->run()
#13 F:\wamp\www\yii\framework\web\CWebApplication.php(136): CWebApplication->runController()
#14 F:\wamp\www\yii\framework\base\CApplication.php(158): CWebApplication->processRequest()
#15 F:\wamp\www\invite\index.php(13): CWebApplication->run()
REQUEST_URI=/invite/index.php?r=invitation
in F:\wamp\www\invite\protected\views\invitation\index.php (33)
in F:\wamp\www\invite\protected\controllers\InvitationController.php (170)
in F:\wamp\www\invite\index.php (13)
2011/12/20 07:12:43 [error] [php] Undefined offset: 4 (F:\wamp\www\invite\protected\views\invitation\index.php:33)
Stack trace:
#0 F:\wamp\www\yii\framework\web\CController.php(866): InvitationController->renderFile()
#1 F:\wamp\www\yii\framework\web\CController.php(779): InvitationController->renderPartial()
#2 F:\wamp\www\invite\protected\controllers\InvitationController.php(170): InvitationController->render()
#3 F:\wamp\www\yii\framework\web\actions\CInlineAction.php(50): InvitationController->actionIndex()
#4 F:\wamp\www\yii\framework\web\CController.php(300): CInlineAction->runWithParams()
#5 F:\wamp\www\yii\framework\web\filters\CFilterChain.php(134): InvitationController->runAction()
#6 F:\wamp\www\yii\framework\web\filters\CFilter.php(41): CFilterChain->run()
#7 F:\wamp\www\yii\framework\web\CController.php(1144): CAccessControlFilter->filter()
#8 F:\wamp\www\yii\framework\web\filters\CInlineFilter.php(59): InvitationController->filterAccessControl()
#9 F:\wamp\www\yii\framework\web\filters\CFilterChain.php(131): CInlineFilter->filter()
#10 F:\wamp\www\yii\framework\web\CController.php(283): CFilterChain->run()
#11 F:\wamp\www\yii\framework\web\CController.php(257): InvitationController->runActionWithFilters()
#12 F:\wamp\www\yii\framework\web\CWebApplication.php(277): InvitationController->run()
#13 F:\wamp\www\yii\framework\web\CWebApplication.php(136): CWebApplication->runController()
#14 F:\wamp\www\yii\framework\base\CApplication.php(158): CWebApplication->processRequest()
#15 F:\wamp\www\invite\index.php(13): CWebApplication->run()
REQUEST_URI=/invite/index.php?r=invitation
in F:\wamp\www\invite\protected\views\invitation\index.php (33)
in F:\wamp\www\invite\protected\controllers\InvitationController.php (170)
in F:\wamp\www\invite\index.php (13)
2011/12/20 07:13:09 [error] [php] Undefined offset: 4 (F:\wamp\www\invite\protected\views\invitation\index.php:33)
Stack trace:
#0 F:\wamp\www\yii\framework\web\CController.php(866): InvitationController->renderFile()
#1 F:\wamp\www\yii\framework\web\CController.php(779): InvitationController->renderPartial()
#2 F:\wamp\www\invite\protected\controllers\InvitationController.php(170): InvitationController->render()
#3 F:\wamp\www\yii\framework\web\actions\CInlineAction.php(50): InvitationController->actionIndex()
#4 F:\wamp\www\yii\framework\web\CController.php(300): CInlineAction->runWithParams()
#5 F:\wamp\www\yii\framework\web\filters\CFilterChain.php(134): InvitationController->runAction()
#6 F:\wamp\www\yii\framework\web\filters\CFilter.php(41): CFilterChain->run()
#7 F:\wamp\www\yii\framework\web\CController.php(1144): CAccessControlFilter->filter()
#8 F:\wamp\www\yii\framework\web\filters\CInlineFilter.php(59): InvitationController->filterAccessControl()
#9 F:\wamp\www\yii\framework\web\filters\CFilterChain.php(131): CInlineFilter->filter()
#10 F:\wamp\www\yii\framework\web\CController.php(283): CFilterChain->run()
#11 F:\wamp\www\yii\framework\web\CController.php(257): InvitationController->runActionWithFilters()
#12 F:\wamp\www\yii\framework\web\CWebApplication.php(277): InvitationController->run()
#13 F:\wamp\www\yii\framework\web\CWebApplication.php(136): CWebApplication->runController()
#14 F:\wamp\www\yii\framework\base\CApplication.php(158): CWebApplication->processRequest()
#15 F:\wamp\www\invite\index.php(13): CWebApplication->run()
REQUEST_URI=/invite/index.php?r=invitation
in F:\wamp\www\invite\protected\views\invitation\index.php (33)
in F:\wamp\www\invite\protected\controllers\InvitationController.php (170)
in F:\wamp\www\invite\index.php (13)
2011/12/20 07:14:02 [error] [php] Undefined offset: 4 (F:\wamp\www\invite\protected\views\invitation\index.php:33)
Stack trace:
#0 F:\wamp\www\yii\framework\web\CController.php(866): InvitationController->renderFile()
#1 F:\wamp\www\yii\framework\web\CController.php(779): InvitationController->renderPartial()
#2 F:\wamp\www\invite\protected\controllers\InvitationController.php(170): InvitationController->render()
#3 F:\wamp\www\yii\framework\web\actions\CInlineAction.php(50): InvitationController->actionIndex()
#4 F:\wamp\www\yii\framework\web\CController.php(300): CInlineAction->runWithParams()
#5 F:\wamp\www\yii\framework\web\filters\CFilterChain.php(134): InvitationController->runAction()
#6 F:\wamp\www\yii\framework\web\filters\CFilter.php(41): CFilterChain->run()
#7 F:\wamp\www\yii\framework\web\CController.php(1144): CAccessControlFilter->filter()
#8 F:\wamp\www\yii\framework\web\filters\CInlineFilter.php(59): InvitationController->filterAccessControl()
#9 F:\wamp\www\yii\framework\web\filters\CFilterChain.php(131): CInlineFilter->filter()
#10 F:\wamp\www\yii\framework\web\CController.php(283): CFilterChain->run()
#11 F:\wamp\www\yii\framework\web\CController.php(257): InvitationController->runActionWithFilters()
#12 F:\wamp\www\yii\framework\web\CWebApplication.php(277): InvitationController->run()
#13 F:\wamp\www\yii\framework\web\CWebApplication.php(136): CWebApplication->runController()
#14 F:\wamp\www\yii\framework\base\CApplication.php(158): CWebApplication->processRequest()
#15 F:\wamp\www\invite\index.php(13): CWebApplication->run()
REQUEST_URI=/invite/index.php?r=invitation
in F:\wamp\www\invite\protected\views\invitation\index.php (33)
in F:\wamp\www\invite\protected\controllers\InvitationController.php (170)
in F:\wamp\www\invite\index.php (13)
2011/12/20 07:17:50 [error] [php] Undefined offset: 4 (F:\wamp\www\invite\protected\views\invitation\index.php:34)
Stack trace:
#0 F:\wamp\www\yii\framework\web\CController.php(866): InvitationController->renderFile()
#1 F:\wamp\www\yii\framework\web\CController.php(779): InvitationController->renderPartial()
#2 F:\wamp\www\invite\protected\controllers\InvitationController.php(170): InvitationController->render()
#3 F:\wamp\www\yii\framework\web\actions\CInlineAction.php(50): InvitationController->actionIndex()
#4 F:\wamp\www\yii\framework\web\CController.php(300): CInlineAction->runWithParams()
#5 F:\wamp\www\yii\framework\web\filters\CFilterChain.php(134): InvitationController->runAction()
#6 F:\wamp\www\yii\framework\web\filters\CFilter.php(41): CFilterChain->run()
#7 F:\wamp\www\yii\framework\web\CController.php(1144): CAccessControlFilter->filter()
#8 F:\wamp\www\yii\framework\web\filters\CInlineFilter.php(59): InvitationController->filterAccessControl()
#9 F:\wamp\www\yii\framework\web\filters\CFilterChain.php(131): CInlineFilter->filter()
#10 F:\wamp\www\yii\framework\web\CController.php(283): CFilterChain->run()
#11 F:\wamp\www\yii\framework\web\CController.php(257): InvitationController->runActionWithFilters()
#12 F:\wamp\www\yii\framework\web\CWebApplication.php(277): InvitationController->run()
#13 F:\wamp\www\yii\framework\web\CWebApplication.php(136): CWebApplication->runController()
#14 F:\wamp\www\yii\framework\base\CApplication.php(158): CWebApplication->processRequest()
#15 F:\wamp\www\invite\index.php(13): CWebApplication->run()
REQUEST_URI=/invite/index.php?r=invitation
in F:\wamp\www\invite\protected\views\invitation\index.php (34)
in F:\wamp\www\invite\protected\controllers\InvitationController.php (170)
in F:\wamp\www\invite\index.php (13)
2011/12/20 07:18:49 [error] [php] Undefined offset: 4 (F:\wamp\www\invite\protected\views\invitation\index.php:34)
Stack trace:
#0 F:\wamp\www\yii\framework\web\CController.php(866): InvitationController->renderFile()
#1 F:\wamp\www\yii\framework\web\CController.php(779): InvitationController->renderPartial()
#2 F:\wamp\www\invite\protected\controllers\InvitationController.php(170): InvitationController->render()
#3 F:\wamp\www\yii\framework\web\actions\CInlineAction.php(50): InvitationController->actionIndex()
#4 F:\wamp\www\yii\framework\web\CController.php(300): CInlineAction->runWithParams()
#5 F:\wamp\www\yii\framework\web\filters\CFilterChain.php(134): InvitationController->runAction()
#6 F:\wamp\www\yii\framework\web\filters\CFilter.php(41): CFilterChain->run()
#7 F:\wamp\www\yii\framework\web\CController.php(1144): CAccessControlFilter->filter()
#8 F:\wamp\www\yii\framework\web\filters\CInlineFilter.php(59): InvitationController->filterAccessControl()
#9 F:\wamp\www\yii\framework\web\filters\CFilterChain.php(131): CInlineFilter->filter()
#10 F:\wamp\www\yii\framework\web\CController.php(283): CFilterChain->run()
#11 F:\wamp\www\yii\framework\web\CController.php(257): InvitationController->runActionWithFilters()
#12 F:\wamp\www\yii\framework\web\CWebApplication.php(277): InvitationController->run()
#13 F:\wamp\www\yii\framework\web\CWebApplication.php(136): CWebApplication->runController()
#14 F:\wamp\www\yii\framework\base\CApplication.php(158): CWebApplication->processRequest()
#15 F:\wamp\www\invite\index.php(13): CWebApplication->run()
REQUEST_URI=/invite/index.php?r=invitation
in F:\wamp\www\invite\protected\views\invitation\index.php (34)
in F:\wamp\www\invite\protected\controllers\InvitationController.php (170)
in F:\wamp\www\invite\index.php (13)
2011/12/20 07:46:30 [error] [php] Missing argument 2 for CHtml::checkBoxList(), called in F:\wamp\www\invite\protected\views\invitation\index.php on line 47 and defined (F:\wamp\www\yii\framework\web\helpers\CHtml.php:840)
Stack trace:
#0 F:\wamp\www\yii\framework\web\CBaseController.php(88): InvitationController->renderInternal()
#1 F:\wamp\www\yii\framework\web\CController.php(866): InvitationController->renderFile()
#2 F:\wamp\www\yii\framework\web\CController.php(779): InvitationController->renderPartial()
#3 F:\wamp\www\invite\protected\controllers\InvitationController.php(171): InvitationController->render()
#4 F:\wamp\www\yii\framework\web\actions\CInlineAction.php(50): InvitationController->actionIndex()
#5 F:\wamp\www\yii\framework\web\CController.php(300): CInlineAction->runWithParams()
#6 F:\wamp\www\yii\framework\web\filters\CFilterChain.php(134): InvitationController->runAction()
#7 F:\wamp\www\yii\framework\web\filters\CFilter.php(41): CFilterChain->run()
#8 F:\wamp\www\yii\framework\web\CController.php(1144): CAccessControlFilter->filter()
#9 F:\wamp\www\yii\framework\web\filters\CInlineFilter.php(59): InvitationController->filterAccessControl()
#10 F:\wamp\www\yii\framework\web\filters\CFilterChain.php(131): CInlineFilter->filter()
#11 F:\wamp\www\yii\framework\web\CController.php(283): CFilterChain->run()
#12 F:\wamp\www\yii\framework\web\CController.php(257): InvitationController->runActionWithFilters()
#13 F:\wamp\www\yii\framework\web\CWebApplication.php(277): InvitationController->run()
#14 F:\wamp\www\yii\framework\web\CWebApplication.php(136): CWebApplication->runController()
#15 F:\wamp\www\yii\framework\base\CApplication.php(158): CWebApplication->processRequest()
#16 F:\wamp\www\invite\index.php(13): CWebApplication->run()
REQUEST_URI=/invite/index.php?r=invitation
in F:\wamp\www\invite\protected\views\invitation\index.php (47)
in F:\wamp\www\invite\protected\controllers\InvitationController.php (171)
in F:\wamp\www\invite\index.php (13)
2011/12/20 08:00:25 [error] [php] Undefined index: myCheckBoxList (F:\wamp\www\invite\protected\controllers\InvitationController.php:167)
Stack trace:
#0 F:\wamp\www\yii\framework\web\filters\CFilterChain.php(134): InvitationController->runAction()
#1 F:\wamp\www\yii\framework\web\filters\CFilter.php(41): CFilterChain->run()
#2 F:\wamp\www\yii\framework\web\CController.php(1144): CAccessControlFilter->filter()
#3 F:\wamp\www\yii\framework\web\filters\CInlineFilter.php(59): InvitationController->filterAccessControl()
#4 F:\wamp\www\yii\framework\web\filters\CFilterChain.php(131): CInlineFilter->filter()
#5 F:\wamp\www\yii\framework\web\CController.php(283): CFilterChain->run()
#6 F:\wamp\www\yii\framework\web\CController.php(257): InvitationController->runActionWithFilters()
#7 F:\wamp\www\yii\framework\web\CWebApplication.php(277): InvitationController->run()
#8 F:\wamp\www\yii\framework\web\CWebApplication.php(136): CWebApplication->runController()
#9 F:\wamp\www\yii\framework\base\CApplication.php(158): CWebApplication->processRequest()
#10 F:\wamp\www\invite\index.php(13): CWebApplication->run()
REQUEST_URI=/invite/index.php?r=invitation
in F:\wamp\www\invite\protected\controllers\InvitationController.php (167)
in F:\wamp\www\invite\index.php (13)
2011/12/20 08:47:02 [error] [php] Undefined variable: pair (F:\wamp\www\invite\protected\controllers\InvitationController.php:170)
Stack trace:
#0 F:\wamp\www\yii\framework\web\filters\CFilterChain.php(134): InvitationController->runAction()
#1 F:\wamp\www\yii\framework\web\filters\CFilter.php(41): CFilterChain->run()
#2 F:\wamp\www\yii\framework\web\CController.php(1144): CAccessControlFilter->filter()
#3 F:\wamp\www\yii\framework\web\filters\CInlineFilter.php(59): InvitationController->filterAccessControl()
#4 F:\wamp\www\yii\framework\web\filters\CFilterChain.php(131): CInlineFilter->filter()
#5 F:\wamp\www\yii\framework\web\CController.php(283): CFilterChain->run()
#6 F:\wamp\www\yii\framework\web\CController.php(257): InvitationController->runActionWithFilters()
#7 F:\wamp\www\yii\framework\web\CWebApplication.php(277): InvitationController->run()
#8 F:\wamp\www\yii\framework\web\CWebApplication.php(136): CWebApplication->runController()
#9 F:\wamp\www\yii\framework\base\CApplication.php(158): CWebApplication->processRequest()
#10 F:\wamp\www\invite\index.php(13): CWebApplication->run()
REQUEST_URI=/invite/index.php?r=invitation/index
in F:\wamp\www\invite\protected\controllers\InvitationController.php (170)
in F:\wamp\www\invite\index.php (13)
2011/12/20 08:50:34 [error] [php] Use of undefined constant value - assumed 'value' (F:\wamp\www\invite\protected\views\invitation\index.php:47)
Stack trace:
#0 F:\wamp\www\yii\framework\web\CController.php(866): InvitationController->renderFile()
#1 F:\wamp\www\yii\framework\web\CController.php(779): InvitationController->renderPartial()
#2 F:\wamp\www\invite\protected\controllers\InvitationController.php(178): InvitationController->render()
#3 F:\wamp\www\yii\framework\web\actions\CInlineAction.php(50): InvitationController->actionIndex()
#4 F:\wamp\www\yii\framework\web\CController.php(300): CInlineAction->runWithParams()
#5 F:\wamp\www\yii\framework\web\filters\CFilterChain.php(134): InvitationController->runAction()
#6 F:\wamp\www\yii\framework\web\filters\CFilter.php(41): CFilterChain->run()
#7 F:\wamp\www\yii\framework\web\CController.php(1144): CAccessControlFilter->filter()
#8 F:\wamp\www\yii\framework\web\filters\CInlineFilter.php(59): InvitationController->filterAccessControl()
#9 F:\wamp\www\yii\framework\web\filters\CFilterChain.php(131): CInlineFilter->filter()
#10 F:\wamp\www\yii\framework\web\CController.php(283): CFilterChain->run()
#11 F:\wamp\www\yii\framework\web\CController.php(257): InvitationController->runActionWithFilters()
#12 F:\wamp\www\yii\framework\web\CWebApplication.php(277): InvitationController->run()
#13 F:\wamp\www\yii\framework\web\CWebApplication.php(136): CWebApplication->runController()
#14 F:\wamp\www\yii\framework\base\CApplication.php(158): CWebApplication->processRequest()
#15 F:\wamp\www\invite\index.php(13): CWebApplication->run()
REQUEST_URI=/invite/index.php?r=invitation/index
in F:\wamp\www\invite\protected\views\invitation\index.php (47)
in F:\wamp\www\invite\protected\controllers\InvitationController.php (178)
in F:\wamp\www\invite\index.php (13)
2011/12/20 11:16:19 [error] [php] include(Mail_Postmark.php) [<a href='function.include'>function.include</a>]: failed to open stream: No such file or directory (F:\wamp\www\yii\framework\YiiBase.php:421)
Stack trace:
#0 F:\wamp\www\invite\protected\controllers\InvitationController.php(174): spl_autoload_call()
#1 F:\wamp\www\yii\framework\web\actions\CInlineAction.php(50): InvitationController->actionIndex()
#2 F:\wamp\www\yii\framework\web\CController.php(300): CInlineAction->runWithParams()
#3 F:\wamp\www\yii\framework\web\filters\CFilterChain.php(134): InvitationController->runAction()
#4 F:\wamp\www\yii\framework\web\filters\CFilter.php(41): CFilterChain->run()
#5 F:\wamp\www\yii\framework\web\CController.php(1144): CAccessControlFilter->filter()
#6 F:\wamp\www\yii\framework\web\filters\CInlineFilter.php(59): InvitationController->filterAccessControl()
#7 F:\wamp\www\yii\framework\web\filters\CFilterChain.php(131): CInlineFilter->filter()
#8 F:\wamp\www\yii\framework\web\CController.php(283): CFilterChain->run()
#9 F:\wamp\www\yii\framework\web\CController.php(257): InvitationController->runActionWithFilters()
#10 F:\wamp\www\yii\framework\web\CWebApplication.php(277): InvitationController->run()
#11 F:\wamp\www\yii\framework\web\CWebApplication.php(136): CWebApplication->runController()
#12 F:\wamp\www\yii\framework\base\CApplication.php(158): CWebApplication->processRequest()
#13 F:\wamp\www\invite\index.php(13): CWebApplication->run()
REQUEST_URI=/invite/index.php?r=invitation/index
in F:\wamp\www\invite\protected\controllers\InvitationController.php (174)
in F:\wamp\www\invite\index.php (13)
2011/12/20 11:24:48 [error] [php] include(Mail_Postmark.php) [<a href='function.include'>function.include</a>]: failed to open stream: No such file or directory (F:\wamp\www\yii\framework\YiiBase.php:421)
Stack trace:
#0 F:\wamp\www\invite\protected\controllers\InvitationController.php(174): spl_autoload_call()
#1 F:\wamp\www\yii\framework\web\actions\CInlineAction.php(50): InvitationController->actionIndex()
#2 F:\wamp\www\yii\framework\web\CController.php(300): CInlineAction->runWithParams()
#3 F:\wamp\www\yii\framework\web\filters\CFilterChain.php(134): InvitationController->runAction()
#4 F:\wamp\www\yii\framework\web\filters\CFilter.php(41): CFilterChain->run()
#5 F:\wamp\www\yii\framework\web\CController.php(1144): CAccessControlFilter->filter()
#6 F:\wamp\www\yii\framework\web\filters\CInlineFilter.php(59): InvitationController->filterAccessControl()
#7 F:\wamp\www\yii\framework\web\filters\CFilterChain.php(131): CInlineFilter->filter()
#8 F:\wamp\www\yii\framework\web\CController.php(283): CFilterChain->run()
#9 F:\wamp\www\yii\framework\web\CController.php(257): InvitationController->runActionWithFilters()
#10 F:\wamp\www\yii\framework\web\CWebApplication.php(277): InvitationController->run()
#11 F:\wamp\www\yii\framework\web\CWebApplication.php(136): CWebApplication->runController()
#12 F:\wamp\www\yii\framework\base\CApplication.php(158): CWebApplication->processRequest()
#13 F:\wamp\www\invite\index.php(13): CWebApplication->run()
REQUEST_URI=/invite/index.php?r=invitation/index
in F:\wamp\www\invite\protected\controllers\InvitationController.php (174)
in F:\wamp\www\invite\index.php (13)
